26-01-2024 17:57:38.897 INFO: Fetching profile's posts,comments and replies process has started.
26-01-2024 17:57:38.897 INFO: Fetching and saving profile victoriaportfolio posts, comments and replies
26-01-2024 17:58:57.273 INFO: Done Fetching and saving profile victoriaportfolio posts, comments and replies. duration: 78 seconds.
26-01-2024 17:58:57.273 INFO: Getting profile posts, comments and replies data in process.... 1/1830
26-01-2024 17:58:57.384 INFO: Fetching and saving profile victoriajustice posts, comments and replies
26-01-2024 18:01:21.693 INFO: Done Fetching and saving profile victoriajustice posts, comments and replies. duration: 144 seconds.
26-01-2024 18:01:21.707 INFO: Getting profile posts, comments and replies data in process.... 2/1830
26-01-2024 18:01:21.817 INFO: Fetching and saving profile lopyrevavika posts, comments and replies
26-01-2024 18:05:09.178 INFO: Fetching profile's posts,comments and replies process has started.
26-01-2024 18:05:09.178 INFO: Fetching and saving profile lopyrevavika posts, comments and replies
26-01-2024 18:06:34.524 INFO: Done Fetching and saving profile lopyrevavika posts, comments and replies. duration: 85 seconds.
26-01-2024 18:06:34.524 INFO: Getting profile posts, comments and replies data in process.... 1/1828
26-01-2024 18:06:34.634 INFO: Fetching and saving profile vickcarreiro posts, comments and replies
26-01-2024 18:06:54.017 INFO: Done Fetching and saving profile vickcarreiro posts, comments and replies. duration: 19 seconds.
26-01-2024 18:06:54.018 INFO: Getting profile posts, comments and replies data in process.... 2/1828
26-01-2024 18:06:54.119 INFO: Fetching and saving profile theozvlog posts, comments and replies
26-01-2024 18:09:04.016 INFO: Done Fetching and saving profile theozvlog posts, comments and replies. duration: 129 seconds.
26-01-2024 18:09:04.016 INFO: Getting profile posts, comments and replies data in process.... 3/1828
26-01-2024 18:09:04.126 INFO: Fetching and saving profile victoriabeckham posts, comments and replies
26-01-2024 18:17:14.372 INFO: Done Fetching and saving profile victoriabeckham posts, comments and replies. duration: 490 seconds.
26-01-2024 18:17:14.372 INFO: Getting profile posts, comments and replies data in process.... 4/1828
26-01-2024 18:17:14.482 INFO: Fetching and saving profile victoriapolice posts, comments and replies
26-01-2024 18:23:55.998 INFO: Done Fetching and saving profile victoriapolice posts, comments and replies. duration: 401 seconds.
26-01-2024 18:23:55.998 INFO: Getting profile posts, comments and replies data in process.... 5/1828
26-01-2024 18:23:56.108 INFO: Fetching and saving profile victoriaxtang posts, comments and replies
26-01-2024 18:24:42.526 INFO: Done Fetching and saving profile victoriaxtang posts, comments and replies. duration: 46 seconds.
26-01-2024 18:24:42.526 INFO: Getting profile posts, comments and replies data in process.... 6/1828
26-01-2024 18:24:42.636 INFO: Fetching and saving profile victoria_sinitsina posts, comments and replies
26-01-2024 18:25:34.452 INFO: Done Fetching and saving profile victoria_sinitsina posts, comments and replies. duration: 51 seconds.
26-01-2024 18:25:34.452 INFO: Getting profile posts, comments and replies data in process.... 7/1828
26-01-2024 18:25:34.553 INFO: Fetching and saving profile vikki_by posts, comments and replies
26-01-2024 18:30:25.562 INFO: Done Fetching and saving profile vikki_by posts, comments and replies. duration: 291 seconds.
26-01-2024 18:30:25.564 INFO: Getting profile posts, comments and replies data in process.... 8/1828
26-01-2024 18:30:25.675 INFO: Fetching and saving profile viktoriavarley posts, comments and replies
26-01-2024 18:52:49.387 INFO: Done Fetching and saving profile viktoriavarley posts, comments and replies. duration: 1343 seconds.
26-01-2024 18:52:49.387 INFO: Getting profile posts, comments and replies data in process.... 9/1828
26-01-2024 18:52:49.493 INFO: Fetching and saving profile victoriasilvstedt posts, comments and replies
26-01-2024 18:59:43.360 INFO: Done Fetching and saving profile victoriasilvstedt posts, comments and replies. duration: 413 seconds.
26-01-2024 18:59:43.360 INFO: Getting profile posts, comments and replies data in process.... 10/1828
26-01-2024 18:59:43.469 INFO: Fetching and saving profile demivika posts, comments and replies
26-01-2024 19:02:11.061 INFO: Done Fetching and saving profile demivika posts, comments and replies. duration: 147 seconds.
26-01-2024 19:02:11.061 INFO: Getting profile posts, comments and replies data in process.... 11/1828
26-01-2024 19:02:11.171 INFO: Fetching and saving profile vicoolyasaida posts, comments and replies
26-01-2024 19:04:44.909 INFO: Done Fetching and saving profile vicoolyasaida posts, comments and replies. duration: 153 seconds.
26-01-2024 19:04:44.909 INFO: Getting profile posts, comments and replies data in process.... 12/1828
26-01-2024 19:04:45.012 INFO: Fetching and saving profile victoriasopranogroup posts, comments and replies
26-01-2024 19:05:08.804 INFO: Done Fetching and saving profile victoriasopranogroup posts, comments and replies. duration: 23 seconds.
26-01-2024 19:05:08.804 INFO: Getting profile posts, comments and replies data in process.... 13/1828
26-01-2024 19:05:08.914 INFO: Fetching and saving profile miss_victoria25 posts, comments and replies
26-01-2024 19:06:55.082 INFO: Done Fetching and saving profile miss_victoria25 posts, comments and replies. duration: 106 seconds.
26-01-2024 19:06:55.082 INFO: Getting profile posts, comments and replies data in process.... 14/1828
26-01-2024 19:06:55.184 INFO: Fetching and saving profile voloshyna_v posts, comments and replies
26-01-2024 19:07:06.888 INFO: Done Fetching and saving profile voloshyna_v posts, comments and replies. duration: 11 seconds.
26-01-2024 19:07:06.888 INFO: Getting profile posts, comments and replies data in process.... 15/1828
26-01-2024 19:07:06.998 INFO: Fetching and saving profile steven_spielberg12 posts, comments and replies
26-01-2024 19:07:34.706 INFO: Done Fetching and saving profile steven_spielberg12 posts, comments and replies. duration: 27 seconds.
26-01-2024 19:07:34.706 INFO: Getting profile posts, comments and replies data in process.... 16/1828
26-01-2024 19:07:34.816 INFO: Fetching and saving profile juliaberolzheimer posts, comments and replies
26-01-2024 19:09:27.580 INFO: Done Fetching and saving profile juliaberolzheimer posts, comments and replies. duration: 112 seconds.
26-01-2024 19:09:27.580 INFO: Getting profile posts, comments and replies data in process.... 17/1828
26-01-2024 19:09:27.685 INFO: Fetching and saving profile jujusalimeni posts, comments and replies
26-01-2024 19:15:58.848 INFO: Done Fetching and saving profile jujusalimeni posts, comments and replies. duration: 391 seconds.
26-01-2024 19:15:58.848 INFO: Getting profile posts, comments and replies data in process.... 18/1828
26-01-2024 19:15:58.950 INFO: Fetching and saving profile julianapaes posts, comments and replies
26-01-2024 19:20:29.053 INFO: Done Fetching and saving profile julianapaes posts, comments and replies. duration: 270 seconds.
26-01-2024 19:20:29.053 INFO: Getting profile posts, comments and replies data in process.... 19/1828
26-01-2024 19:20:29.177 INFO: Fetching and saving profile juliamichaels posts, comments and replies
26-01-2024 19:22:30.466 INFO: Done Fetching and saving profile juliamichaels posts, comments and replies. duration: 121 seconds.
26-01-2024 19:22:30.466 INFO: Getting profile posts, comments and replies data in process.... 20/1828
26-01-2024 19:22:30.580 INFO: Fetching and saving profile juliaiacovelli posts, comments and replies
26-01-2024 19:22:36.617 INFO: Done Fetching and saving profile juliaiacovelli posts, comments and replies. duration: 6 seconds.
26-01-2024 19:22:36.617 INFO: Getting profile posts, comments and replies data in process.... 21/1828
26-01-2024 19:22:36.720 INFO: Fetching and saving profile julia_khadartseva posts, comments and replies
26-01-2024 19:29:53.434 INFO: Done Fetching and saving profile julia_khadartseva posts, comments and replies. duration: 436 seconds.
26-01-2024 19:29:53.435 INFO: Getting profile posts, comments and replies data in process.... 22/1828
26-01-2024 19:29:53.548 INFO: Fetching and saving profile juliavmenshova posts, comments and replies
26-01-2024 19:31:50.907 INFO: Done Fetching and saving profile juliavmenshova posts, comments and replies. duration: 117 seconds.
26-01-2024 19:31:50.907 INFO: Getting profile posts, comments and replies data in process.... 23/1828
26-01-2024 19:31:51.016 INFO: Fetching and saving profile jucalderari posts, comments and replies
26-01-2024 19:33:13.870 INFO: Done Fetching and saving profile jucalderari posts, comments and replies. duration: 82 seconds.
26-01-2024 19:33:13.871 INFO: Getting profile posts, comments and replies data in process.... 24/1828
26-01-2024 19:33:13.982 INFO: Fetching and saving profile juliamcsampaio posts, comments and replies
26-01-2024 19:40:23.695 INFO: Done Fetching and saving profile juliamcsampaio posts, comments and replies. duration: 429 seconds.
26-01-2024 19:40:23.695 INFO: Getting profile posts, comments and replies data in process.... 25/1828
26-01-2024 19:40:23.805 INFO: Fetching and saving profile juliatopolnitskaya posts, comments and replies
26-01-2024 19:43:26.106 INFO: Done Fetching and saving profile juliatopolnitskaya posts, comments and replies. duration: 182 seconds.
26-01-2024 19:43:26.107 INFO: Getting profile posts, comments and replies data in process.... 26/1828
26-01-2024 19:43:26.213 INFO: Fetching and saving profile the_hardkiss posts, comments and replies
26-01-2024 19:45:57.522 INFO: Done Fetching and saving profile the_hardkiss posts, comments and replies. duration: 151 seconds.
26-01-2024 19:45:57.523 INFO: Getting profile posts, comments and replies data in process.... 27/1828
26-01-2024 19:45:57.636 INFO: Fetching and saving profile juliagodunova posts, comments and replies
26-01-2024 19:48:37.536 INFO: Done Fetching and saving profile juliagodunova posts, comments and replies. duration: 159 seconds.
26-01-2024 19:48:37.537 INFO: Getting profile posts, comments and replies data in process.... 28/1828
26-01-2024 19:48:37.644 INFO: Fetching and saving profile juliaihminen posts, comments and replies
26-01-2024 19:51:23.428 INFO: Done Fetching and saving profile juliaihminen posts, comments and replies. duration: 165 seconds.
26-01-2024 19:51:23.429 INFO: Getting profile posts, comments and replies data in process.... 29/1828
26-01-2024 19:51:23.541 INFO: Fetching and saving profile mathiasjuliana posts, comments and replies
26-01-2024 19:54:19.738 INFO: Done Fetching and saving profile mathiasjuliana posts, comments and replies. duration: 176 seconds.
26-01-2024 19:54:19.738 INFO: Getting profile posts, comments and replies data in process.... 30/1828
26-01-2024 19:54:19.850 INFO: Fetching and saving profile lautajulia posts, comments and replies
26-01-2024 19:54:25.922 INFO: Done Fetching and saving profile lautajulia posts, comments and replies. duration: 6 seconds.
26-01-2024 19:54:25.923 INFO: Getting profile posts, comments and replies data in process.... 31/1828
26-01-2024 19:54:26.029 INFO: Fetching and saving profile julianasaraivaarquitetura posts, comments and replies
26-01-2024 19:56:32.912 INFO: Done Fetching and saving profile julianasaraivaarquitetura posts, comments and replies. duration: 126 seconds.
26-01-2024 19:56:32.913 INFO: Getting profile posts, comments and replies data in process.... 32/1828
26-01-2024 19:56:33.018 INFO: Fetching and saving profile julusina posts, comments and replies
26-01-2024 19:58:43.834 INFO: Done Fetching and saving profile julusina posts, comments and replies. duration: 130 seconds.
26-01-2024 19:58:43.834 INFO: Getting profile posts, comments and replies data in process.... 33/1828
26-01-2024 19:58:43.940 INFO: Fetching and saving profile therealjuliaannlive posts, comments and replies
26-01-2024 20:07:42.805 INFO: Done Fetching and saving profile therealjuliaannlive posts, comments and replies. duration: 538 seconds.
26-01-2024 20:07:42.806 INFO: Getting profile posts, comments and replies data in process.... 34/1828
26-01-2024 20:07:42.913 INFO: Fetching and saving profile julesleblanc posts, comments and replies
26-01-2024 20:25:35.656 INFO: Done Fetching and saving profile julesleblanc posts, comments and replies. duration: 1072 seconds.
26-01-2024 20:25:35.656 INFO: Getting profile posts, comments and replies data in process.... 35/1828
26-01-2024 20:25:35.762 INFO: Fetching and saving profile juliawieniawa posts, comments and replies
26-01-2024 20:27:23.849 INFO: Done Fetching and saving profile juliawieniawa posts, comments and replies. duration: 108 seconds.
26-01-2024 20:27:23.849 INFO: Getting profile posts, comments and replies data in process.... 36/1828
26-01-2024 20:27:23.964 INFO: Fetching and saving profile juliaperesild posts, comments and replies
26-01-2024 20:31:43.508 INFO: Done Fetching and saving profile juliaperesild posts, comments and replies. duration: 259 seconds.
26-01-2024 20:31:43.508 INFO: Getting profile posts, comments and replies data in process.... 37/1828
26-01-2024 20:31:43.618 INFO: Fetching and saving profile juliapuzzuoli posts, comments and replies
26-01-2024 20:40:56.169 INFO: Done Fetching and saving profile juliapuzzuoli posts, comments and replies. duration: 552 seconds.
26-01-2024 20:40:56.169 INFO: Getting profile posts, comments and replies data in process.... 38/1828
26-01-2024 20:40:56.280 INFO: Fetching and saving profile davidbeckhamphotography posts, comments and replies
26-01-2024 20:41:29.679 INFO: Done Fetching and saving profile davidbeckhamphotography posts, comments and replies. duration: 33 seconds.
26-01-2024 20:41:29.679 INFO: Getting profile posts, comments and replies data in process.... 39/1828
26-01-2024 20:41:29.790 INFO: Fetching and saving profile davidbeckham posts, comments and replies
26-01-2024 20:50:51.808 INFO: Done Fetching and saving profile davidbeckham posts, comments and replies. duration: 562 seconds.
26-01-2024 20:50:51.808 INFO: Getting profile posts, comments and replies data in process.... 40/1828
26-01-2024 20:50:51.912 INFO: Fetching and saving profile __beckham75__ posts, comments and replies
26-01-2024 21:12:31.512 INFO: Done Fetching and saving profile __beckham75__ posts, comments and replies. duration: 1299 seconds.
26-01-2024 21:12:31.512 INFO: Getting profile posts, comments and replies data in process.... 41/1828
26-01-2024 21:12:31.621 INFO: Fetching and saving profile emmahill posts, comments and replies
26-01-2024 21:17:47.164 INFO: Done Fetching and saving profile emmahill posts, comments and replies. duration: 315 seconds.
26-01-2024 21:17:47.164 INFO: Getting profile posts, comments and replies data in process.... 42/1828
26-01-2024 21:17:47.275 INFO: Fetching and saving profile emmahemingwillis posts, comments and replies
26-01-2024 21:43:54.003 INFO: Done Fetching and saving profile emmahemingwillis posts, comments and replies. duration: 1566 seconds.
26-01-2024 21:43:54.003 INFO: Getting profile posts, comments and replies data in process.... 43/1828
26-01-2024 21:43:54.113 INFO: Fetching and saving profile emmaroberts posts, comments and replies
26-01-2024 21:54:37.762 INFO: Fetching profile's posts,comments and replies process has started.
26-01-2024 21:54:37.762 INFO: Fetching and saving profile emma.shymanovych posts, comments and replies
26-01-2024 21:58:04.051 WARNING: Something went wrong.... (line 115)
26-01-2024 21:58:04.051 INFO: Done Fetching and saving profile emma.shymanovych posts, comments and replies. duration: 206 seconds.
26-01-2024 21:58:04.051 INFO: Getting profile posts, comments and replies data in process.... 1/1780
26-01-2024 21:58:04.162 INFO: Fetching and saving profile echriqui posts, comments and replies
26-01-2024 22:01:25.793 INFO: Done Fetching and saving profile echriqui posts, comments and replies. duration: 201 seconds.
26-01-2024 22:01:25.793 INFO: Getting profile posts, comments and replies data in process.... 2/1780
26-01-2024 22:01:25.904 INFO: Fetching and saving profile emmasalimova posts, comments and replies
26-01-2024 22:07:04.436 WARNING: Something went wrong.... (line 115)
26-01-2024 22:07:04.436 INFO: Done Fetching and saving profile emmasalimova posts, comments and replies. duration: 338 seconds.
26-01-2024 22:07:04.436 INFO: Getting profile posts, comments and replies data in process.... 3/1780
26-01-2024 22:07:04.546 INFO: Fetching and saving profile okss2121 posts, comments and replies
26-01-2024 22:07:16.533 INFO: Done Fetching and saving profile okss2121 posts, comments and replies. duration: 11 seconds.
26-01-2024 22:07:16.533 INFO: Getting profile posts, comments and replies data in process.... 4/1780
26-01-2024 22:07:16.643 INFO: Fetching and saving profile emmaleebunton posts, comments and replies
26-01-2024 22:10:38.723 INFO: Done Fetching and saving profile emmaleebunton posts, comments and replies. duration: 202 seconds.
26-01-2024 22:10:38.723 INFO: Getting profile posts, comments and replies data in process.... 5/1780
26-01-2024 22:10:38.831 INFO: Fetching and saving profile emmablinkova posts, comments and replies
26-01-2024 22:13:12.444 INFO: Done Fetching and saving profile emmablinkova posts, comments and replies. duration: 153 seconds.
26-01-2024 22:13:12.444 INFO: Getting profile posts, comments and replies data in process.... 6/1780
26-01-2024 22:13:12.555 INFO: Fetching and saving profile doktoremmamalinina posts, comments and replies
26-01-2024 22:17:56.093 INFO: Done Fetching and saving profile doktoremmamalinina posts, comments and replies. duration: 283 seconds.
26-01-2024 22:17:56.093 INFO: Getting profile posts, comments and replies data in process.... 7/1780
26-01-2024 22:17:56.198 INFO: Fetching and saving profile emmakimilainen posts, comments and replies
26-01-2024 22:21:29.974 INFO: Done Fetching and saving profile emmakimilainen posts, comments and replies. duration: 213 seconds.
26-01-2024 22:21:29.974 INFO: Getting profile posts, comments and replies data in process.... 8/1780
26-01-2024 22:21:30.082 INFO: Fetching and saving profile emmanuil_vitorgan posts, comments and replies
26-01-2024 22:23:48.544 INFO: Done Fetching and saving profile emmanuil_vitorgan posts, comments and replies. duration: 138 seconds.
26-01-2024 22:23:48.544 INFO: Getting profile posts, comments and replies data in process.... 9/1780
26-01-2024 22:23:48.644 INFO: Fetching and saving profile emmafontanella posts, comments and replies
26-01-2024 22:23:54.501 INFO: Done Fetching and saving profile emmafontanella posts, comments and replies. duration: 5 seconds.
26-01-2024 22:23:54.501 INFO: Getting profile posts, comments and replies data in process.... 10/1780
26-01-2024 22:23:54.612 INFO: Fetching and saving profile ellielexie posts, comments and replies
26-01-2024 22:26:50.135 INFO: Done Fetching and saving profile ellielexie posts, comments and replies. duration: 175 seconds.
26-01-2024 22:26:50.135 INFO: Getting profile posts, comments and replies data in process.... 11/1780
26-01-2024 22:26:50.246 INFO: Fetching and saving profile missellie_o posts, comments and replies
26-01-2024 22:32:47.861 INFO: Done Fetching and saving profile missellie_o posts, comments and replies. duration: 357 seconds.
26-01-2024 22:32:47.861 INFO: Getting profile posts, comments and replies data in process.... 12/1780
26-01-2024 22:32:47.970 INFO: Fetching and saving profile elliek.tv posts, comments and replies
26-01-2024 22:36:13.506 INFO: Done Fetching and saving profile elliek.tv posts, comments and replies. duration: 205 seconds.
26-01-2024 22:36:13.506 INFO: Getting profile posts, comments and replies data in process.... 13/1780
26-01-2024 22:36:13.616 INFO: Fetching and saving profile elliemecham posts, comments and replies
26-01-2024 22:38:54.673 INFO: Done Fetching and saving profile elliemecham posts, comments and replies. duration: 161 seconds.
26-01-2024 22:38:54.673 INFO: Getting profile posts, comments and replies data in process.... 14/1780
26-01-2024 22:38:54.783 INFO: Fetching and saving profile elliejones135 posts, comments and replies
26-01-2024 22:40:34.284 INFO: Done Fetching and saving profile elliejones135 posts, comments and replies. duration: 99 seconds.
26-01-2024 22:40:34.284 INFO: Getting profile posts, comments and replies data in process.... 15/1780
26-01-2024 22:40:34.392 INFO: Fetching and saving profile ellieciouss posts, comments and replies
26-01-2024 22:43:14.302 INFO: Done Fetching and saving profile ellieciouss posts, comments and replies. duration: 159 seconds.
26-01-2024 22:43:14.302 INFO: Getting profile posts, comments and replies data in process.... 16/1780
26-01-2024 22:43:14.412 INFO: Fetching and saving profile ellieegar posts, comments and replies
26-01-2024 22:49:49.140 INFO: Done Fetching and saving profile ellieegar posts, comments and replies. duration: 394 seconds.
26-01-2024 22:49:49.140 INFO: Getting profile posts, comments and replies data in process.... 17/1780
26-01-2024 22:49:49.250 INFO: Fetching and saving profile elliecarpenterr posts, comments and replies
26-01-2024 22:51:35.568 INFO: Done Fetching and saving profile elliecarpenterr posts, comments and replies. duration: 106 seconds.
26-01-2024 22:51:35.568 INFO: Getting profile posts, comments and replies data in process.... 18/1780
26-01-2024 22:51:35.678 INFO: Fetching and saving profile elliehardy__ posts, comments and replies
26-01-2024 22:54:42.522 INFO: Done Fetching and saving profile elliehardy__ posts, comments and replies. duration: 186 seconds.
26-01-2024 22:54:42.522 INFO: Getting profile posts, comments and replies data in process.... 19/1780
26-01-2024 22:54:42.631 INFO: Fetching and saving profile elliewatson posts, comments and replies
26-01-2024 22:57:27.563 WARNING: Something went wrong.... (line 115)
26-01-2024 22:57:27.563 INFO: Done Fetching and saving profile elliewatson posts, comments and replies. duration: 164 seconds.
26-01-2024 22:57:27.563 INFO: Getting profile posts, comments and replies data in process.... 20/1780
26-01-2024 22:57:27.673 INFO: Fetching and saving profile ellieekellyy posts, comments and replies
26-01-2024 23:03:57.898 INFO: Done Fetching and saving profile ellieekellyy posts, comments and replies. duration: 390 seconds.
26-01-2024 23:03:57.898 INFO: Getting profile posts, comments and replies data in process.... 21/1780
26-01-2024 23:03:58.008 INFO: Fetching and saving profile ellierosetyrrell posts, comments and replies
26-01-2024 23:06:35.231 INFO: Done Fetching and saving profile ellierosetyrrell posts, comments and replies. duration: 157 seconds.
26-01-2024 23:06:35.231 INFO: Getting profile posts, comments and replies data in process.... 22/1780
26-01-2024 23:06:35.339 INFO: Fetching and saving profile ellie_green2002 posts, comments and replies
26-01-2024 23:11:48.201 INFO: Done Fetching and saving profile ellie_green2002 posts, comments and replies. duration: 312 seconds.
26-01-2024 23:11:48.201 INFO: Getting profile posts, comments and replies data in process.... 23/1780
26-01-2024 23:11:48.305 INFO: Fetching and saving profile fitcopmom posts, comments and replies
26-01-2024 23:14:30.356 INFO: Done Fetching and saving profile fitcopmom posts, comments and replies. duration: 162 seconds.
26-01-2024 23:14:30.356 INFO: Getting profile posts, comments and replies data in process.... 24/1780
26-01-2024 23:14:30.479 INFO: Fetching and saving profile lovingelliesbelly posts, comments and replies
26-01-2024 23:16:51.384 INFO: Done Fetching and saving profile lovingelliesbelly posts, comments and replies. duration: 140 seconds.
26-01-2024 23:16:51.384 INFO: Getting profile posts, comments and replies data in process.... 25/1780
26-01-2024 23:16:51.494 INFO: Fetching and saving profile jelliediary posts, comments and replies
26-01-2024 23:18:33.818 INFO: Done Fetching and saving profile jelliediary posts, comments and replies. duration: 102 seconds.
26-01-2024 23:18:33.818 INFO: Getting profile posts, comments and replies data in process.... 26/1780
26-01-2024 23:18:33.928 INFO: Fetching and saving profile eliffkaradayi posts, comments and replies
26-01-2024 23:19:23.740 INFO: Done Fetching and saving profile eliffkaradayi posts, comments and replies. duration: 49 seconds.
26-01-2024 23:19:23.740 INFO: Getting profile posts, comments and replies data in process.... 27/1780
26-01-2024 23:19:23.845 INFO: Fetching and saving profile eliana posts, comments and replies
26-01-2024 23:28:32.149 INFO: Done Fetching and saving profile eliana posts, comments and replies. duration: 548 seconds.
26-01-2024 23:28:32.149 INFO: Getting profile posts, comments and replies data in process.... 28/1780
26-01-2024 23:28:32.254 INFO: Fetching and saving profile elifkarl posts, comments and replies
26-01-2024 23:30:06.931 INFO: Done Fetching and saving profile elifkarl posts, comments and replies. duration: 94 seconds.
26-01-2024 23:30:06.931 INFO: Getting profile posts, comments and replies data in process.... 29/1780
26-01-2024 23:30:07.057 INFO: Fetching and saving profile elisabettafranchi posts, comments and replies
26-01-2024 23:42:41.661 INFO: Done Fetching and saving profile elisabettafranchi posts, comments and replies. duration: 754 seconds.
26-01-2024 23:42:41.661 INFO: Getting profile posts, comments and replies data in process.... 30/1780
26-01-2024 23:42:41.775 INFO: Fetching and saving profile eliesaabworld posts, comments and replies
26-01-2024 23:47:54.552 INFO: Done Fetching and saving profile eliesaabworld posts, comments and replies. duration: 312 seconds.
26-01-2024 23:47:54.552 INFO: Getting profile posts, comments and replies data in process.... 31/1780
26-01-2024 23:47:54.662 INFO: Fetching and saving profile eliantte posts, comments and replies
26-01-2024 23:48:00.502 INFO: Done Fetching and saving profile eliantte posts, comments and replies. duration: 5 seconds.
26-01-2024 23:48:00.502 INFO: Getting profile posts, comments and replies data in process.... 32/1780
26-01-2024 23:48:00.610 INFO: Fetching and saving profile luckashyowa posts, comments and replies
26-01-2024 23:51:46.212 INFO: Done Fetching and saving profile luckashyowa posts, comments and replies. duration: 225 seconds.
26-01-2024 23:51:46.212 INFO: Getting profile posts, comments and replies data in process.... 33/1780
26-01-2024 23:51:46.318 INFO: Fetching and saving profile lizashatilova_ posts, comments and replies
26-01-2024 23:53:27.626 INFO: Done Fetching and saving profile lizashatilova_ posts, comments and replies. duration: 101 seconds.
26-01-2024 23:53:27.626 INFO: Getting profile posts, comments and replies data in process.... 34/1780
26-01-2024 23:53:27.732 INFO: Fetching and saving profile eli.rallo posts, comments and replies
26-01-2024 23:55:56.445 INFO: Done Fetching and saving profile eli.rallo posts, comments and replies. duration: 148 seconds.
26-01-2024 23:55:56.445 INFO: Getting profile posts, comments and replies data in process.... 35/1780
26-01-2024 23:55:56.555 INFO: Fetching and saving profile rachel.cargle posts, comments and replies
26-01-2024 23:58:51.869 INFO: Done Fetching and saving profile rachel.cargle posts, comments and replies. duration: 175 seconds.
26-01-2024 23:58:51.869 INFO: Getting profile posts, comments and replies data in process.... 36/1780
26-01-2024 23:58:51.978 INFO: Fetching and saving profile elieserambrosio posts, comments and replies
27-01-2024 00:00:40.751 INFO: Done Fetching and saving profile elieserambrosio posts, comments and replies. duration: 108 seconds.
27-01-2024 00:00:40.751 INFO: Getting profile posts, comments and replies data in process.... 37/1780
27-01-2024 00:00:40.861 INFO: Fetching and saving profile elizabethloaiza posts, comments and replies
27-01-2024 00:03:41.766 INFO: Done Fetching and saving profile elizabethloaiza posts, comments and replies. duration: 180 seconds.
27-01-2024 00:03:41.766 INFO: Getting profile posts, comments and replies data in process.... 38/1780
27-01-2024 00:03:41.876 INFO: Fetching and saving profile elissazkh posts, comments and replies
27-01-2024 00:08:22.842 INFO: Done Fetching and saving profile elissazkh posts, comments and replies. duration: 280 seconds.
27-01-2024 00:08:22.842 INFO: Getting profile posts, comments and replies data in process.... 39/1780
27-01-2024 00:08:22.952 INFO: Fetching and saving profile lizagacko posts, comments and replies
27-01-2024 00:11:15.151 INFO: Done Fetching and saving profile lizagacko posts, comments and replies. duration: 172 seconds.
27-01-2024 00:11:15.151 INFO: Getting profile posts, comments and replies data in process.... 40/1780
27-01-2024 00:11:15.261 INFO: Fetching and saving profile isapecini posts, comments and replies
27-01-2024 00:30:30.781 INFO: Done Fetching and saving profile isapecini posts, comments and replies. duration: 1155 seconds.
27-01-2024 00:30:30.781 INFO: Getting profile posts, comments and replies data in process.... 41/1780
27-01-2024 00:30:30.892 INFO: Fetching and saving profile elina_vadimovna_ posts, comments and replies
27-01-2024 00:30:36.620 INFO: Done Fetching and saving profile elina_vadimovna_ posts, comments and replies. duration: 5 seconds.
27-01-2024 00:30:36.620 INFO: Getting profile posts, comments and replies data in process.... 42/1780
27-01-2024 00:30:36.731 INFO: Fetching and saving profile style.demon posts, comments and replies
27-01-2024 00:33:05.863 INFO: Done Fetching and saving profile style.demon posts, comments and replies. duration: 149 seconds.
27-01-2024 00:33:05.863 INFO: Getting profile posts, comments and replies data in process.... 43/1780
27-01-2024 00:33:05.966 INFO: Fetching and saving profile elizasifaa posts, comments and replies
27-01-2024 00:33:16.882 INFO: Done Fetching and saving profile elizasifaa posts, comments and replies. duration: 10 seconds.
27-01-2024 00:33:16.882 INFO: Getting profile posts, comments and replies data in process.... 44/1780
27-01-2024 00:33:16.992 INFO: Fetching and saving profile elisvitolina posts, comments and replies
27-01-2024 00:37:20.107 INFO: Done Fetching and saving profile elisvitolina posts, comments and replies. duration: 243 seconds.
27-01-2024 00:37:20.107 INFO: Getting profile posts, comments and replies data in process.... 45/1780
27-01-2024 00:37:20.212 INFO: Fetching and saving profile elizaveta__odintsova posts, comments and replies
27-01-2024 00:37:25.941 INFO: Done Fetching and saving profile elizaveta__odintsova posts, comments and replies. duration: 5 seconds.
27-01-2024 00:37:25.941 INFO: Getting profile posts, comments and replies data in process.... 46/1780
27-01-2024 00:37:26.051 INFO: Fetching and saving profile kostyakina_li posts, comments and replies
27-01-2024 00:38:49.634 INFO: Done Fetching and saving profile kostyakina_li posts, comments and replies. duration: 83 seconds.
27-01-2024 00:38:49.634 INFO: Getting profile posts, comments and replies data in process.... 47/1780
27-01-2024 00:38:49.744 INFO: Fetching and saving profile lizzysavetsky posts, comments and replies
27-01-2024 00:50:22.516 INFO: Done Fetching and saving profile lizzysavetsky posts, comments and replies. duration: 692 seconds.
27-01-2024 00:50:22.516 INFO: Getting profile posts, comments and replies data in process.... 48/1780
27-01-2024 00:50:22.628 INFO: Fetching and saving profile elianedoforro posts, comments and replies
27-01-2024 00:53:10.945 INFO: Done Fetching and saving profile elianedoforro posts, comments and replies. duration: 168 seconds.
27-01-2024 00:53:10.945 INFO: Getting profile posts, comments and replies data in process.... 49/1780
27-01-2024 00:53:11.058 INFO: Fetching and saving profile p.s._kris posts, comments and replies
27-01-2024 00:54:41.534 INFO: Done Fetching and saving profile p.s._kris posts, comments and replies. duration: 90 seconds.
27-01-2024 00:54:41.534 INFO: Getting profile posts, comments and replies data in process.... 50/1780
27-01-2024 00:54:41.644 INFO: Fetching and saving profile breakitandyouwillmakeit posts, comments and replies
27-01-2024 01:01:27.304 INFO: Done Fetching and saving profile breakitandyouwillmakeit posts, comments and replies. duration: 405 seconds.
27-01-2024 01:01:27.304 INFO: Getting profile posts, comments and replies data in process.... 51/1780
27-01-2024 01:01:27.415 INFO: Fetching and saving profile elisabetemoutinho_ posts, comments and replies
27-01-2024 01:05:36.386 INFO: Done Fetching and saving profile elisabetemoutinho_ posts, comments and replies. duration: 248 seconds.
27-01-2024 01:05:36.386 INFO: Getting profile posts, comments and replies data in process.... 52/1780
27-01-2024 01:05:36.496 INFO: Fetching and saving profile eliecer_avila_cuba posts, comments and replies
27-01-2024 01:09:29.930 INFO: Done Fetching and saving profile eliecer_avila_cuba posts, comments and replies. duration: 233 seconds.
27-01-2024 01:09:29.930 INFO: Getting profile posts, comments and replies data in process.... 53/1780
27-01-2024 01:09:30.040 INFO: Fetching and saving profile layla.rahyun.kim posts, comments and replies
27-01-2024 01:10:42.363 INFO: Done Fetching and saving profile layla.rahyun.kim posts, comments and replies. duration: 72 seconds.
27-01-2024 01:10:42.363 INFO: Getting profile posts, comments and replies data in process.... 54/1780
27-01-2024 01:10:42.473 INFO: Fetching and saving profile laylaannalee posts, comments and replies
27-01-2024 01:11:04.536 INFO: Done Fetching and saving profile laylaannalee posts, comments and replies. duration: 22 seconds.
27-01-2024 01:11:04.536 INFO: Getting profile posts, comments and replies data in process.... 55/1780
27-01-2024 01:11:04.647 INFO: Fetching and saving profile glamsquadhippie posts, comments and replies
27-01-2024 01:12:41.020 INFO: Done Fetching and saving profile glamsquadhippie posts, comments and replies. duration: 96 seconds.
27-01-2024 01:12:41.020 INFO: Getting profile posts, comments and replies data in process.... 56/1780
27-01-2024 01:12:41.121 INFO: Fetching and saving profile laylamaghribi posts, comments and replies
27-01-2024 01:13:27.323 INFO: Done Fetching and saving profile laylamaghribi posts, comments and replies. duration: 46 seconds.
27-01-2024 01:13:27.323 INFO: Getting profile posts, comments and replies data in process.... 57/1780
27-01-2024 01:13:27.432 INFO: Fetching and saving profile bbw_layla posts, comments and replies
27-01-2024 01:15:50.062 INFO: Done Fetching and saving profile bbw_layla posts, comments and replies. duration: 142 seconds.
27-01-2024 01:15:50.062 INFO: Getting profile posts, comments and replies data in process.... 58/1780
27-01-2024 01:15:50.173 INFO: Fetching and saving profile laylakousaka posts, comments and replies
27-01-2024 01:17:14.785 INFO: Done Fetching and saving profile laylakousaka posts, comments and replies. duration: 84 seconds.
27-01-2024 01:17:14.785 INFO: Getting profile posts, comments and replies data in process.... 59/1780
27-01-2024 01:17:14.895 INFO: Fetching and saving profile laylafsaad posts, comments and replies
27-01-2024 01:20:53.634 INFO: Done Fetching and saving profile laylafsaad posts, comments and replies. duration: 218 seconds.
27-01-2024 01:20:53.634 INFO: Getting profile posts, comments and replies data in process.... 60/1780
27-01-2024 01:20:53.743 INFO: Fetching and saving profile layla.oli posts, comments and replies
27-01-2024 01:21:44.560 INFO: Done Fetching and saving profile layla.oli posts, comments and replies. duration: 50 seconds.
27-01-2024 01:21:44.560 INFO: Getting profile posts, comments and replies data in process.... 61/1780
27-01-2024 01:21:44.670 INFO: Fetching and saving profile washington_che_guevara_ posts, comments and replies
27-01-2024 01:21:50.353 INFO: Done Fetching and saving profile washington_che_guevara_ posts, comments and replies. duration: 5 seconds.
27-01-2024 01:21:50.353 INFO: Getting profile posts, comments and replies data in process.... 62/1780
27-01-2024 01:21:50.463 INFO: Fetching and saving profile 512sweettooth posts, comments and replies
27-01-2024 01:23:23.398 INFO: Done Fetching and saving profile 512sweettooth posts, comments and replies. duration: 92 seconds.
27-01-2024 01:23:23.398 INFO: Getting profile posts, comments and replies data in process.... 63/1780
27-01-2024 01:23:23.509 INFO: Fetching and saving profile make.that.change posts, comments and replies
27-01-2024 01:23:29.274 INFO: Done Fetching and saving profile make.that.change posts, comments and replies. duration: 5 seconds.
27-01-2024 01:23:29.274 INFO: Getting profile posts, comments and replies data in process.... 64/1780
27-01-2024 01:23:29.384 INFO: Fetching and saving profile hostelmichaeljackson posts, comments and replies
27-01-2024 01:24:14.937 INFO: Done Fetching and saving profile hostelmichaeljackson posts, comments and replies. duration: 45 seconds.
27-01-2024 01:24:14.937 INFO: Getting profile posts, comments and replies data in process.... 65/1780
27-01-2024 01:24:15.047 INFO: Fetching and saving profile michael_jackson_legacy1 posts, comments and replies
27-01-2024 01:24:20.756 INFO: Done Fetching and saving profile michael_jackson_legacy1 posts, comments and replies. duration: 5 seconds.
27-01-2024 01:24:20.756 INFO: Getting profile posts, comments and replies data in process.... 66/1780
27-01-2024 01:24:20.866 INFO: Fetching and saving profile mjfansquare posts, comments and replies
27-01-2024 01:24:43.252 INFO: Done Fetching and saving profile mjfansquare posts, comments and replies. duration: 22 seconds.
27-01-2024 01:24:43.252 INFO: Getting profile posts, comments and replies data in process.... 67/1780
27-01-2024 01:24:43.355 INFO: Fetching and saving profile michael_jackson_fan_page___ posts, comments and replies
27-01-2024 01:25:07.156 INFO: Done Fetching and saving profile michael_jackson_fan_page___ posts, comments and replies. duration: 23 seconds.
27-01-2024 01:25:07.156 INFO: Getting profile posts, comments and replies data in process.... 68/1780
27-01-2024 01:25:07.266 INFO: Fetching and saving profile alwaysinnocentmj posts, comments and replies
27-01-2024 01:25:12.956 INFO: Done Fetching and saving profile alwaysinnocentmj posts, comments and replies. duration: 5 seconds.
27-01-2024 01:25:12.956 INFO: Getting profile posts, comments and replies data in process.... 69/1780
27-01-2024 01:25:13.070 INFO: Fetching and saving profile michaeljackson_janetjackson___ posts, comments and replies
27-01-2024 01:25:18.767 INFO: Done Fetching and saving profile michaeljackson_janetjackson___ posts, comments and replies. duration: 5 seconds.
27-01-2024 01:25:18.767 INFO: Getting profile posts, comments and replies data in process.... 70/1780
27-01-2024 01:25:18.876 INFO: Fetching and saving profile fanaticmichaeljackson posts, comments and replies
27-01-2024 01:26:27.319 INFO: Done Fetching and saving profile fanaticmichaeljackson posts, comments and replies. duration: 68 seconds.
27-01-2024 01:26:27.319 INFO: Getting profile posts, comments and replies data in process.... 71/1780
27-01-2024 01:26:27.429 INFO: Fetching and saving profile mj_applehead_tr posts, comments and replies
27-01-2024 01:27:41.039 INFO: Done Fetching and saving profile mj_applehead_tr posts, comments and replies. duration: 73 seconds.
27-01-2024 01:27:41.039 INFO: Getting profile posts, comments and replies data in process.... 72/1780
27-01-2024 01:27:41.150 INFO: Fetching and saving profile michaeljackson.fan__ posts, comments and replies
27-01-2024 01:29:35.390 INFO: Done Fetching and saving profile michaeljackson.fan__ posts, comments and replies. duration: 114 seconds.
27-01-2024 01:29:35.390 INFO: Getting profile posts, comments and replies data in process.... 73/1780
27-01-2024 01:29:35.491 INFO: Fetching and saving profile michaeljosephjackson2611 posts, comments and replies
27-01-2024 01:34:20.007 INFO: Done Fetching and saving profile michaeljosephjackson2611 posts, comments and replies. duration: 284 seconds.
27-01-2024 01:34:20.022 INFO: Getting profile posts, comments and replies data in process.... 74/1780
27-01-2024 01:34:20.133 INFO: Fetching and saving profile wyatthough posts, comments and replies
27-01-2024 01:34:36.211 INFO: Done Fetching and saving profile wyatthough posts, comments and replies. duration: 16 seconds.
27-01-2024 01:34:36.227 INFO: Getting profile posts, comments and replies data in process.... 75/1780
27-01-2024 01:34:36.337 INFO: Fetching and saving profile wyattandthewhale posts, comments and replies
27-01-2024 01:35:03.718 INFO: Done Fetching and saving profile wyattandthewhale posts, comments and replies. duration: 27 seconds.
27-01-2024 01:35:03.718 INFO: Getting profile posts, comments and replies data in process.... 76/1780
27-01-2024 01:35:03.825 INFO: Fetching and saving profile keke_wyatt posts, comments and replies
27-01-2024 01:37:03.381 INFO: Done Fetching and saving profile keke_wyatt posts, comments and replies. duration: 119 seconds.
27-01-2024 01:37:03.381 INFO: Getting profile posts, comments and replies data in process.... 77/1780
27-01-2024 01:37:03.492 INFO: Fetching and saving profile christinamarie_wyatt posts, comments and replies
27-01-2024 01:38:10.191 INFO: Done Fetching and saving profile christinamarie_wyatt posts, comments and replies. duration: 66 seconds.
27-01-2024 01:38:10.191 INFO: Getting profile posts, comments and replies data in process.... 78/1780
27-01-2024 01:38:10.300 INFO: Fetching and saving profile maxwyatt_ posts, comments and replies
27-01-2024 01:41:03.058 INFO: Done Fetching and saving profile maxwyatt_ posts, comments and replies. duration: 172 seconds.
27-01-2024 01:41:03.058 INFO: Getting profile posts, comments and replies data in process.... 79/1780
27-01-2024 01:41:03.167 INFO: Fetching and saving profile charleshonoris posts, comments and replies
27-01-2024 01:44:29.972 INFO: Done Fetching and saving profile charleshonoris posts, comments and replies. duration: 206 seconds.
27-01-2024 01:44:29.972 INFO: Getting profile posts, comments and replies data in process.... 80/1780
27-01-2024 01:44:30.082 INFO: Fetching and saving profile charles.wicz posts, comments and replies
27-01-2024 01:52:06.380 INFO: Done Fetching and saving profile charles.wicz posts, comments and replies. duration: 456 seconds.
27-01-2024 01:52:06.380 INFO: Getting profile posts, comments and replies data in process.... 81/1780
27-01-2024 01:52:06.490 INFO: Fetching and saving profile charles_weasley posts, comments and replies
27-01-2024 01:55:34.040 INFO: Done Fetching and saving profile charles_weasley posts, comments and replies. duration: 207 seconds.
27-01-2024 01:55:34.040 INFO: Getting profile posts, comments and replies data in process.... 82/1780
27-01-2024 01:55:34.150 INFO: Fetching and saving profile jcdecastelbajac posts, comments and replies
27-01-2024 01:56:18.420 INFO: Done Fetching and saving profile jcdecastelbajac posts, comments and replies. duration: 44 seconds.
27-01-2024 01:56:18.420 INFO: Getting profile posts, comments and replies data in process.... 83/1780
27-01-2024 01:56:18.529 INFO: Fetching and saving profile rosannacharles posts, comments and replies
27-01-2024 01:58:47.472 INFO: Done Fetching and saving profile rosannacharles posts, comments and replies. duration: 148 seconds.
27-01-2024 01:58:47.472 INFO: Getting profile posts, comments and replies data in process.... 84/1780
27-01-2024 01:58:47.578 INFO: Fetching and saving profile charleskeithofficial posts, comments and replies
27-01-2024 02:03:56.610 INFO: Done Fetching and saving profile charleskeithofficial posts, comments and replies. duration: 309 seconds.
27-01-2024 02:03:56.610 INFO: Getting profile posts, comments and replies data in process.... 85/1780
27-01-2024 02:03:56.718 INFO: Fetching and saving profile charlest33 posts, comments and replies
27-01-2024 02:04:34.233 INFO: Done Fetching and saving profile charlest33 posts, comments and replies. duration: 37 seconds.
27-01-2024 02:04:34.233 INFO: Getting profile posts, comments and replies data in process.... 86/1780
27-01-2024 02:04:34.344 INFO: Fetching and saving profile charlestemplon posts, comments and replies
27-01-2024 02:04:40.136 INFO: Done Fetching and saving profile charlestemplon posts, comments and replies. duration: 5 seconds.
27-01-2024 02:04:40.136 INFO: Getting profile posts, comments and replies data in process.... 87/1780
27-01-2024 02:04:40.246 INFO: Fetching and saving profile charles_leclerc posts, comments and replies
27-01-2024 02:15:31.351 INFO: Done Fetching and saving profile charles_leclerc posts, comments and replies. duration: 651 seconds.
27-01-2024 02:15:31.351 INFO: Getting profile posts, comments and replies data in process.... 88/1780
27-01-2024 02:15:31.461 INFO: Fetching and saving profile charlesdobronxs posts, comments and replies
27-01-2024 02:20:04.120 INFO: Done Fetching and saving profile charlesdobronxs posts, comments and replies. duration: 272 seconds.
27-01-2024 02:20:04.120 INFO: Getting profile posts, comments and replies data in process.... 89/1780
27-01-2024 02:20:04.222 INFO: Fetching and saving profile fastgoodcuisine posts, comments and replies
27-01-2024 02:24:26.382 INFO: Done Fetching and saving profile fastgoodcuisine posts, comments and replies. duration: 262 seconds.
27-01-2024 02:24:26.382 INFO: Getting profile posts, comments and replies data in process.... 90/1780
27-01-2024 02:24:26.493 INFO: Fetching and saving profile charlesans posts, comments and replies
27-01-2024 02:26:47.828 INFO: Done Fetching and saving profile charlesans posts, comments and replies. duration: 141 seconds.
27-01-2024 02:26:47.828 INFO: Getting profile posts, comments and replies data in process.... 91/1780
27-01-2024 02:26:47.938 INFO: Fetching and saving profile thecharlesglass posts, comments and replies
27-01-2024 02:29:04.102 INFO: Done Fetching and saving profile thecharlesglass posts, comments and replies. duration: 136 seconds.
27-01-2024 02:29:04.102 INFO: Getting profile posts, comments and replies data in process.... 92/1780
27-01-2024 02:29:04.210 INFO: Fetching and saving profile charlestheoneoficial posts, comments and replies
27-01-2024 02:34:09.208 INFO: Done Fetching and saving profile charlestheoneoficial posts, comments and replies. duration: 304 seconds.
27-01-2024 02:34:09.208 INFO: Getting profile posts, comments and replies data in process.... 93/1780
27-01-2024 02:34:09.317 INFO: Fetching and saving profile charlestyrwhitt posts, comments and replies
27-01-2024 02:35:48.615 INFO: Done Fetching and saving profile charlestyrwhitt posts, comments and replies. duration: 99 seconds.
27-01-2024 02:35:48.615 INFO: Getting profile posts, comments and replies data in process.... 94/1780
27-01-2024 02:35:48.725 INFO: Fetching and saving profile charlesdevilmorin posts, comments and replies
27-01-2024 02:37:23.125 INFO: Done Fetching and saving profile charlesdevilmorin posts, comments and replies. duration: 94 seconds.
27-01-2024 02:37:23.125 INFO: Getting profile posts, comments and replies data in process.... 95/1780
27-01-2024 02:37:23.235 INFO: Fetching and saving profile charleskeith_jp posts, comments and replies
27-01-2024 02:37:39.790 INFO: Done Fetching and saving profile charleskeith_jp posts, comments and replies. duration: 16 seconds.
27-01-2024 02:37:39.790 INFO: Getting profile posts, comments and replies data in process.... 96/1780
27-01-2024 02:37:39.900 INFO: Fetching and saving profile charleskeith_th posts, comments and replies
27-01-2024 02:38:04.045 INFO: Done Fetching and saving profile charleskeith_th posts, comments and replies. duration: 24 seconds.
27-01-2024 02:38:04.045 INFO: Getting profile posts, comments and replies data in process.... 97/1780
27-01-2024 02:38:04.155 INFO: Fetching and saving profile charlessturtuni posts, comments and replies
27-01-2024 02:39:17.922 INFO: Done Fetching and saving profile charlessturtuni posts, comments and replies. duration: 73 seconds.
27-01-2024 02:39:17.922 INFO: Getting profile posts, comments and replies data in process.... 98/1780
27-01-2024 02:39:18.032 INFO: Fetching and saving profile alexanderblack12 posts, comments and replies
27-01-2024 02:39:51.495 INFO: Done Fetching and saving profile alexanderblack12 posts, comments and replies. duration: 33 seconds.
27-01-2024 02:39:51.495 INFO: Getting profile posts, comments and replies data in process.... 99/1780
27-01-2024 02:39:51.615 INFO: Fetching and saving profile st_stoizsta posts, comments and replies
27-01-2024 02:41:59.355 INFO: Done Fetching and saving profile st_stoizsta posts, comments and replies. duration: 127 seconds.
27-01-2024 02:41:59.355 INFO: Getting profile posts, comments and replies data in process.... 100/1780
27-01-2024 02:41:59.463 INFO: Fetching and saving profile alexandermcqueen posts, comments and replies
27-01-2024 02:44:15.179 INFO: Done Fetching and saving profile alexandermcqueen posts, comments and replies. duration: 135 seconds.
27-01-2024 02:44:15.179 INFO: Getting profile posts, comments and replies data in process.... 101/1780
27-01-2024 02:44:15.285 INFO: Fetching and saving profile alexanderarutyunov posts, comments and replies
27-01-2024 02:45:00.678 INFO: Done Fetching and saving profile alexanderarutyunov posts, comments and replies. duration: 45 seconds.
27-01-2024 02:45:00.678 INFO: Getting profile posts, comments and replies data in process.... 102/1780
27-01-2024 02:45:00.789 INFO: Fetching and saving profile pecheliev posts, comments and replies
27-01-2024 02:47:23.108 INFO: Done Fetching and saving profile pecheliev posts, comments and replies. duration: 142 seconds.
27-01-2024 02:47:23.108 INFO: Getting profile posts, comments and replies data in process.... 103/1780
27-01-2024 02:47:23.218 INFO: Fetching and saving profile alexanderludwig posts, comments and replies
27-01-2024 02:49:52.369 INFO: Done Fetching and saving profile alexanderludwig posts, comments and replies. duration: 149 seconds.
27-01-2024 02:49:52.369 INFO: Getting profile posts, comments and replies data in process.... 104/1780
27-01-2024 02:49:52.479 INFO: Fetching and saving profile platano_gucci posts, comments and replies
27-01-2024 02:52:59.641 INFO: Done Fetching and saving profile platano_gucci posts, comments and replies. duration: 187 seconds.
27-01-2024 02:52:59.641 INFO: Getting profile posts, comments and replies data in process.... 105/1780
27-01-2024 02:52:59.744 INFO: Fetching and saving profile actorsashapetrov posts, comments and replies
27-01-2024 02:55:40.938 INFO: Done Fetching and saving profile actorsashapetrov posts, comments and replies. duration: 161 seconds.
27-01-2024 02:55:40.938 INFO: Getting profile posts, comments and replies data in process.... 106/1780
27-01-2024 02:55:41.048 INFO: Fetching and saving profile alexvolkanovski posts, comments and replies
27-01-2024 03:07:42.310 INFO: Done Fetching and saving profile alexvolkanovski posts, comments and replies. duration: 721 seconds.
27-01-2024 03:07:42.310 INFO: Getting profile posts, comments and replies data in process.... 107/1780
27-01-2024 03:07:42.418 INFO: Fetching and saving profile terekhovofficial posts, comments and replies
27-01-2024 03:07:48.215 INFO: Done Fetching and saving profile terekhovofficial posts, comments and replies. duration: 5 seconds.
27-01-2024 03:07:48.215 INFO: Getting profile posts, comments and replies data in process.... 108/1780
27-01-2024 03:07:48.325 INFO: Fetching and saving profile volkov_alex posts, comments and replies
27-01-2024 03:10:01.301 INFO: Done Fetching and saving profile volkov_alex posts, comments and replies. duration: 132 seconds.
27-01-2024 03:10:01.301 INFO: Getting profile posts, comments and replies data in process.... 109/1780
27-01-2024 03:10:01.411 INFO: Fetching and saving profile alexanderdecroo posts, comments and replies
27-01-2024 03:14:14.107 INFO: Done Fetching and saving profile alexanderdecroo posts, comments and replies. duration: 252 seconds.
27-01-2024 03:14:14.107 INFO: Getting profile posts, comments and replies data in process.... 110/1780
27-01-2024 03:14:14.219 INFO: Fetching and saving profile alexandersheps.ru posts, comments and replies
27-01-2024 03:14:19.935 INFO: Done Fetching and saving profile alexandersheps.ru posts, comments and replies. duration: 5 seconds.
27-01-2024 03:14:19.935 INFO: Getting profile posts, comments and replies data in process.... 111/1780
27-01-2024 03:14:20.043 INFO: Fetching and saving profile alexsoros posts, comments and replies
27-01-2024 03:21:03.052 INFO: Done Fetching and saving profile alexsoros posts, comments and replies. duration: 403 seconds.
27-01-2024 03:21:03.052 INFO: Getting profile posts, comments and replies data in process.... 112/1780
27-01-2024 03:21:03.162 INFO: Fetching and saving profile alexandershlemenko posts, comments and replies
27-01-2024 03:24:12.037 INFO: Done Fetching and saving profile alexandershlemenko posts, comments and replies. duration: 188 seconds.
27-01-2024 03:24:12.037 INFO: Getting profile posts, comments and replies data in process.... 113/1780
27-01-2024 03:24:12.152 INFO: Fetching and saving profile alexandergdz posts, comments and replies
27-01-2024 03:27:45.297 INFO: Done Fetching and saving profile alexandergdz posts, comments and replies. duration: 213 seconds.
27-01-2024 03:27:45.297 INFO: Getting profile posts, comments and replies data in process.... 114/1780
27-01-2024 03:27:45.407 INFO: Fetching and saving profile alexxwalther posts, comments and replies
27-01-2024 03:30:55.352 INFO: Done Fetching and saving profile alexxwalther posts, comments and replies. duration: 189 seconds.
27-01-2024 03:30:55.352 INFO: Getting profile posts, comments and replies data in process.... 115/1780
27-01-2024 03:30:55.463 INFO: Fetching and saving profile rybakofficial posts, comments and replies
27-01-2024 03:32:20.406 INFO: Done Fetching and saving profile rybakofficial posts, comments and replies. duration: 84 seconds.
27-01-2024 03:32:20.406 INFO: Getting profile posts, comments and replies data in process.... 116/1780
27-01-2024 03:32:20.515 INFO: Fetching and saving profile alexanderpalienko posts, comments and replies
27-01-2024 03:41:04.710 INFO: Done Fetching and saving profile alexanderpalienko posts, comments and replies. duration: 524 seconds.
27-01-2024 03:41:04.710 INFO: Getting profile posts, comments and replies data in process.... 117/1780
27-01-2024 03:41:04.820 INFO: Fetching and saving profile alexander.kraft posts, comments and replies
27-01-2024 03:45:37.439 INFO: Done Fetching and saving profile alexander.kraft posts, comments and replies. duration: 272 seconds.
27-01-2024 03:45:37.439 INFO: Getting profile posts, comments and replies data in process.... 118/1780
27-01-2024 03:45:37.549 INFO: Fetching and saving profile loganmartinbmx posts, comments and replies
27-01-2024 03:46:58.977 INFO: Done Fetching and saving profile loganmartinbmx posts, comments and replies. duration: 81 seconds.
27-01-2024 03:46:58.977 INFO: Getting profile posts, comments and replies data in process.... 119/1780
27-01-2024 03:46:59.087 INFO: Fetching and saving profile djlogansama posts, comments and replies
27-01-2024 03:47:31.005 INFO: Done Fetching and saving profile djlogansama posts, comments and replies. duration: 31 seconds.
27-01-2024 03:47:31.005 INFO: Getting profile posts, comments and replies data in process.... 120/1780
27-01-2024 03:47:31.118 INFO: Fetching and saving profile loganchitwood posts, comments and replies
27-01-2024 03:52:19.324 INFO: Done Fetching and saving profile loganchitwood posts, comments and replies. duration: 288 seconds.
27-01-2024 03:52:19.324 INFO: Getting profile posts, comments and replies data in process.... 121/1780
27-01-2024 03:52:19.433 INFO: Fetching and saving profile loganbarracudatattoo posts, comments and replies
27-01-2024 03:56:26.067 INFO: Done Fetching and saving profile loganbarracudatattoo posts, comments and replies. duration: 246 seconds.
27-01-2024 03:56:26.067 INFO: Getting profile posts, comments and replies data in process.... 122/1780
27-01-2024 03:56:26.177 INFO: Fetching and saving profile logan_allison_ posts, comments and replies
27-01-2024 04:00:53.452 INFO: Done Fetching and saving profile logan_allison_ posts, comments and replies. duration: 267 seconds.
27-01-2024 04:00:53.452 INFO: Getting profile posts, comments and replies data in process.... 123/1780
27-01-2024 04:00:53.562 INFO: Fetching and saving profile loganpaul posts, comments and replies
27-01-2024 04:05:20.616 INFO: Done Fetching and saving profile loganpaul posts, comments and replies. duration: 267 seconds.
27-01-2024 04:05:20.616 INFO: Getting profile posts, comments and replies data in process.... 124/1780
27-01-2024 04:05:20.726 INFO: Fetching and saving profile bun_neam posts, comments and replies
27-01-2024 04:05:48.598 INFO: Done Fetching and saving profile bun_neam posts, comments and replies. duration: 27 seconds.
27-01-2024 04:05:48.598 INFO: Getting profile posts, comments and replies data in process.... 125/1780
27-01-2024 04:05:48.708 INFO: Fetching and saving profile logansfewd posts, comments and replies
27-01-2024 04:11:59.134 INFO: Done Fetching and saving profile logansfewd posts, comments and replies. duration: 370 seconds.
27-01-2024 04:11:59.134 INFO: Getting profile posts, comments and replies data in process.... 126/1780
27-01-2024 04:11:59.244 INFO: Fetching and saving profile logistx_ugf posts, comments and replies
27-01-2024 04:12:43.355 INFO: Done Fetching and saving profile logistx_ugf posts, comments and replies. duration: 44 seconds.
27-01-2024 04:12:43.355 INFO: Getting profile posts, comments and replies data in process.... 127/1780
27-01-2024 04:12:43.466 INFO: Fetching and saving profile _logancrr_ posts, comments and replies
27-01-2024 04:12:54.310 INFO: Done Fetching and saving profile _logancrr_ posts, comments and replies. duration: 10 seconds.
27-01-2024 04:12:54.310 INFO: Getting profile posts, comments and replies data in process.... 128/1780
27-01-2024 04:12:54.417 INFO: Fetching and saving profile dr.awesome_x posts, comments and replies
27-01-2024 04:17:00.975 INFO: Done Fetching and saving profile dr.awesome_x posts, comments and replies. duration: 246 seconds.
27-01-2024 04:17:00.975 INFO: Getting profile posts, comments and replies data in process.... 129/1780
27-01-2024 04:17:01.086 INFO: Fetching and saving profile nicole_logan44 posts, comments and replies
27-01-2024 04:19:31.281 INFO: Done Fetching and saving profile nicole_logan44 posts, comments and replies. duration: 150 seconds.
27-01-2024 04:19:31.281 INFO: Getting profile posts, comments and replies data in process.... 130/1780
27-01-2024 04:19:31.384 INFO: Fetching and saving profile logan_hudson_doodleduo posts, comments and replies
27-01-2024 04:27:09.332 INFO: Done Fetching and saving profile logan_hudson_doodleduo posts, comments and replies. duration: 457 seconds.
27-01-2024 04:27:09.332 INFO: Getting profile posts, comments and replies data in process.... 131/1780
27-01-2024 04:27:09.443 INFO: Fetching and saving profile sebastian.cybulski posts, comments and replies
27-01-2024 04:28:54.501 INFO: Done Fetching and saving profile sebastian.cybulski posts, comments and replies. duration: 105 seconds.
27-01-2024 04:28:54.501 INFO: Getting profile posts, comments and replies data in process.... 132/1780
27-01-2024 04:28:54.611 INFO: Fetching and saving profile sebastianyatra posts, comments and replies
27-01-2024 04:34:34.058 INFO: Done Fetching and saving profile sebastianyatra posts, comments and replies. duration: 339 seconds.
27-01-2024 04:34:34.058 INFO: Getting profile posts, comments and replies data in process.... 133/1780
27-01-2024 04:34:34.168 INFO: Fetching and saving profile sebastian_vega1 posts, comments and replies
27-01-2024 04:37:46.868 INFO: Done Fetching and saving profile sebastian_vega1 posts, comments and replies. duration: 192 seconds.
27-01-2024 04:37:46.868 INFO: Getting profile posts, comments and replies data in process.... 134/1780
27-01-2024 04:37:46.977 INFO: Fetching and saving profile sebastiansolberg posts, comments and replies
27-01-2024 04:42:12.919 INFO: Done Fetching and saving profile sebastiansolberg posts, comments and replies. duration: 265 seconds.
27-01-2024 04:42:12.919 INFO: Getting profile posts, comments and replies data in process.... 135/1780
27-01-2024 04:42:13.030 INFO: Fetching and saving profile sebastianlopez.v posts, comments and replies
27-01-2024 04:56:44.877 INFO: Done Fetching and saving profile sebastianlopez.v posts, comments and replies. duration: 871 seconds.
27-01-2024 04:56:44.877 INFO: Getting profile posts, comments and replies data in process.... 136/1780
27-01-2024 04:56:44.987 INFO: Fetching and saving profile sebastiancomedy posts, comments and replies
27-01-2024 05:01:24.615 INFO: Done Fetching and saving profile sebastiancomedy posts, comments and replies. duration: 279 seconds.
27-01-2024 05:01:24.615 INFO: Getting profile posts, comments and replies data in process.... 137/1780
27-01-2024 05:01:24.724 INFO: Fetching and saving profile thesebastiancastro posts, comments and replies
27-01-2024 05:01:30.451 INFO: Done Fetching and saving profile thesebastiancastro posts, comments and replies. duration: 5 seconds.
27-01-2024 05:01:30.451 INFO: Getting profile posts, comments and replies data in process.... 138/1780
27-01-2024 05:01:30.561 INFO: Fetching and saving profile sebastiantynkkynen posts, comments and replies
27-01-2024 05:09:01.485 INFO: Done Fetching and saving profile sebastiantynkkynen posts, comments and replies. duration: 450 seconds.
27-01-2024 05:09:01.485 INFO: Getting profile posts, comments and replies data in process.... 139/1780
27-01-2024 05:09:01.595 INFO: Fetching and saving profile paolo_sebastian posts, comments and replies
27-01-2024 05:10:32.019 INFO: Done Fetching and saving profile paolo_sebastian posts, comments and replies. duration: 90 seconds.
27-01-2024 05:10:32.019 INFO: Getting profile posts, comments and replies data in process.... 140/1780
27-01-2024 05:10:32.120 INFO: Fetching and saving profile seba_simon posts, comments and replies
27-01-2024 05:10:59.207 INFO: Done Fetching and saving profile seba_simon posts, comments and replies. duration: 27 seconds.
27-01-2024 05:10:59.207 INFO: Getting profile posts, comments and replies data in process.... 141/1780
27-01-2024 05:10:59.314 INFO: Fetching and saving profile sebastiangunawanofficial posts, comments and replies
27-01-2024 05:13:11.656 INFO: Done Fetching and saving profile sebastiangunawanofficial posts, comments and replies. duration: 132 seconds.
27-01-2024 05:13:11.656 INFO: Getting profile posts, comments and replies data in process.... 142/1780
27-01-2024 05:13:11.766 INFO: Fetching and saving profile sebastiancaicedo posts, comments and replies
27-01-2024 05:16:15.568 INFO: Done Fetching and saving profile sebastiancaicedo posts, comments and replies. duration: 183 seconds.
27-01-2024 05:16:15.568 INFO: Getting profile posts, comments and replies data in process.... 143/1780
27-01-2024 05:16:15.671 INFO: Fetching and saving profile sebaslizar posts, comments and replies
27-01-2024 05:22:45.306 INFO: Done Fetching and saving profile sebaslizar posts, comments and replies. duration: 389 seconds.
27-01-2024 05:22:45.306 INFO: Getting profile posts, comments and replies data in process.... 144/1780
27-01-2024 05:22:45.417 INFO: Fetching and saving profile sebastianpro_northamerica posts, comments and replies
27-01-2024 05:22:51.153 INFO: Done Fetching and saving profile sebastianpro_northamerica posts, comments and replies. duration: 5 seconds.
27-01-2024 05:22:51.153 INFO: Getting profile posts, comments and replies data in process.... 145/1780
27-01-2024 05:22:51.264 INFO: Fetching and saving profile sebabeltrame posts, comments and replies
27-01-2024 05:38:44.937 INFO: Done Fetching and saving profile sebabeltrame posts, comments and replies. duration: 953 seconds.
27-01-2024 05:38:44.937 INFO: Getting profile posts, comments and replies data in process.... 146/1780
27-01-2024 05:38:45.047 INFO: Fetching and saving profile sebastian_officialni posts, comments and replies
27-01-2024 05:39:44.297 INFO: Done Fetching and saving profile sebastian_officialni posts, comments and replies. duration: 59 seconds.
27-01-2024 05:39:44.297 INFO: Getting profile posts, comments and replies data in process.... 147/1780
27-01-2024 05:39:44.402 INFO: Fetching and saving profile pablitolescanook posts, comments and replies
27-01-2024 05:44:29.905 INFO: Done Fetching and saving profile pablitolescanook posts, comments and replies. duration: 285 seconds.
27-01-2024 05:44:29.905 INFO: Getting profile posts, comments and replies data in process.... 148/1780
27-01-2024 05:44:30.015 INFO: Fetching and saving profile ava posts, comments and replies
27-01-2024 05:48:13.061 INFO: Done Fetching and saving profile ava posts, comments and replies. duration: 223 seconds.
27-01-2024 05:48:13.061 INFO: Getting profile posts, comments and replies data in process.... 149/1780
27-01-2024 05:48:13.169 INFO: Fetching and saving profile avani posts, comments and replies
27-01-2024 05:57:16.371 INFO: Done Fetching and saving profile avani posts, comments and replies. duration: 543 seconds.
27-01-2024 05:57:16.371 INFO: Getting profile posts, comments and replies data in process.... 150/1780
27-01-2024 05:57:16.481 INFO: Fetching and saving profile avataratakan posts, comments and replies
27-01-2024 06:04:56.049 INFO: Done Fetching and saving profile avataratakan posts, comments and replies. duration: 459 seconds.
27-01-2024 06:04:56.049 INFO: Getting profile posts, comments and replies data in process.... 151/1780
27-01-2024 06:04:56.159 INFO: Fetching and saving profile avantgardemotors posts, comments and replies
27-01-2024 06:19:32.911 INFO: Done Fetching and saving profile avantgardemotors posts, comments and replies. duration: 876 seconds.
27-01-2024 06:19:32.911 INFO: Getting profile posts, comments and replies data in process.... 152/1780
27-01-2024 06:19:33.037 INFO: Fetching and saving profile avangard_inside posts, comments and replies
27-01-2024 06:25:37.395 INFO: Done Fetching and saving profile avangard_inside posts, comments and replies. duration: 364 seconds.
27-01-2024 06:25:37.395 INFO: Getting profile posts, comments and replies data in process.... 153/1780
27-01-2024 06:25:37.501 INFO: Fetching and saving profile avanturisty_od posts, comments and replies
27-01-2024 06:26:41.451 INFO: Done Fetching and saving profile avanturisty_od posts, comments and replies. duration: 63 seconds.
27-01-2024 06:26:41.452 INFO: Getting profile posts, comments and replies data in process.... 154/1780
27-01-2024 06:26:41.567 INFO: Fetching and saving profile avahmetozdemir posts, comments and replies
27-01-2024 06:29:24.219 INFO: Done Fetching and saving profile avahmetozdemir posts, comments and replies. duration: 162 seconds.
27-01-2024 06:29:24.219 INFO: Getting profile posts, comments and replies data in process.... 155/1780
27-01-2024 06:29:24.329 INFO: Fetching and saving profile avatarmetal posts, comments and replies
27-01-2024 06:33:11.232 INFO: Done Fetching and saving profile avatarmetal posts, comments and replies. duration: 226 seconds.
27-01-2024 06:33:11.232 INFO: Getting profile posts, comments and replies data in process.... 156/1780
27-01-2024 06:33:11.343 INFO: Fetching and saving profile avanii_sheth_official posts, comments and replies
27-01-2024 06:33:17.073 INFO: Done Fetching and saving profile avanii_sheth_official posts, comments and replies. duration: 5 seconds.
27-01-2024 06:33:17.073 INFO: Getting profile posts, comments and replies data in process.... 157/1780
27-01-2024 06:33:17.183 INFO: Fetching and saving profile glowwithava posts, comments and replies
27-01-2024 06:45:11.026 INFO: Done Fetching and saving profile glowwithava posts, comments and replies. duration: 713 seconds.
27-01-2024 06:45:11.026 INFO: Getting profile posts, comments and replies data in process.... 158/1780
27-01-2024 06:45:11.137 INFO: Fetching and saving profile avakinofficial posts, comments and replies
27-01-2024 06:54:10.401 INFO: Done Fetching and saving profile avakinofficial posts, comments and replies. duration: 539 seconds.
27-01-2024 06:54:10.401 INFO: Getting profile posts, comments and replies data in process.... 159/1780
27-01-2024 06:54:10.511 INFO: Fetching and saving profile avatarfest posts, comments and replies
27-01-2024 06:55:05.347 INFO: Done Fetching and saving profile avatarfest posts, comments and replies. duration: 54 seconds.
27-01-2024 06:55:05.347 INFO: Getting profile posts, comments and replies data in process.... 160/1780
27-01-2024 06:55:05.457 INFO: Fetching and saving profile avadent_odessa posts, comments and replies
27-01-2024 06:55:43.383 INFO: Done Fetching and saving profile avadent_odessa posts, comments and replies. duration: 37 seconds.
27-01-2024 06:55:43.383 INFO: Getting profile posts, comments and replies data in process.... 161/1780
27-01-2024 06:55:43.493 INFO: Fetching and saving profile dramichelefranca posts, comments and replies
27-01-2024 06:59:21.898 INFO: Done Fetching and saving profile dramichelefranca posts, comments and replies. duration: 218 seconds.
27-01-2024 06:59:21.898 INFO: Getting profile posts, comments and replies data in process.... 162/1780
27-01-2024 06:59:22.009 INFO: Fetching and saving profile jonathan_entwistle posts, comments and replies
27-01-2024 06:59:27.735 INFO: Done Fetching and saving profile jonathan_entwistle posts, comments and replies. duration: 5 seconds.
27-01-2024 06:59:27.735 INFO: Getting profile posts, comments and replies data in process.... 163/1780
27-01-2024 06:59:27.846 INFO: Fetching and saving profile jpokluda posts, comments and replies
27-01-2024 07:02:00.909 INFO: Done Fetching and saving profile jpokluda posts, comments and replies. duration: 153 seconds.
27-01-2024 07:02:00.909 INFO: Getting profile posts, comments and replies data in process.... 164/1780
27-01-2024 07:02:01.019 INFO: Fetching and saving profile jonathannemer posts, comments and replies
27-01-2024 07:19:34.941 INFO: Done Fetching and saving profile jonathannemer posts, comments and replies. duration: 1053 seconds.
27-01-2024 07:19:34.941 INFO: Getting profile posts, comments and replies data in process.... 165/1780
27-01-2024 07:19:35.052 INFO: Fetching and saving profile jonathanmannion posts, comments and replies
27-01-2024 07:21:13.393 INFO: Done Fetching and saving profile jonathanmannion posts, comments and replies. duration: 98 seconds.
27-01-2024 07:21:13.393 INFO: Getting profile posts, comments and replies data in process.... 166/1780
27-01-2024 07:21:13.503 INFO: Fetching and saving profile jonathanjoly posts, comments and replies
27-01-2024 07:21:19.251 INFO: Done Fetching and saving profile jonathanjoly posts, comments and replies. duration: 5 seconds.
27-01-2024 07:21:19.251 INFO: Getting profile posts, comments and replies data in process.... 167/1780
27-01-2024 07:21:19.361 INFO: Fetching and saving profile jonathanadler posts, comments and replies
27-01-2024 07:23:48.218 INFO: Done Fetching and saving profile jonathanadler posts, comments and replies. duration: 148 seconds.
27-01-2024 07:23:48.218 INFO: Getting profile posts, comments and replies data in process.... 168/1780
27-01-2024 07:23:48.325 INFO: Fetching and saving profile jonathandbennett posts, comments and replies
27-01-2024 07:27:06.066 INFO: Done Fetching and saving profile jonathandbennett posts, comments and replies. duration: 197 seconds.
27-01-2024 07:27:06.066 INFO: Getting profile posts, comments and replies data in process.... 169/1780
27-01-2024 07:27:06.174 INFO: Fetching and saving profile jonmcreynolds posts, comments and replies
27-01-2024 07:29:57.468 INFO: Done Fetching and saving profile jonmcreynolds posts, comments and replies. duration: 171 seconds.
27-01-2024 07:29:57.470 INFO: Getting profile posts, comments and replies data in process.... 170/1780
27-01-2024 07:29:57.574 INFO: Fetching and saving profile jonathan_irish posts, comments and replies
27-01-2024 07:30:19.738 INFO: Done Fetching and saving profile jonathan_irish posts, comments and replies. duration: 22 seconds.
27-01-2024 07:30:19.738 INFO: Getting profile posts, comments and replies data in process.... 171/1780
27-01-2024 07:30:19.848 INFO: Fetching and saving profile jvn posts, comments and replies
27-01-2024 07:38:23.674 INFO: Done Fetching and saving profile jvn posts, comments and replies. duration: 483 seconds.
27-01-2024 07:38:23.674 INFO: Getting profile posts, comments and replies data in process.... 172/1780
27-01-2024 07:38:23.784 INFO: Fetching and saving profile jonathankash posts, comments and replies
27-01-2024 07:40:18.854 INFO: Done Fetching and saving profile jonathankash posts, comments and replies. duration: 115 seconds.
27-01-2024 07:40:18.854 INFO: Getting profile posts, comments and replies data in process.... 173/1780
27-01-2024 07:40:18.964 INFO: Fetching and saving profile iam_jonathan_ posts, comments and replies
27-01-2024 08:12:50.219 INFO: Done Fetching and saving profile iam_jonathan_ posts, comments and replies. duration: 1951 seconds.
27-01-2024 08:12:50.219 INFO: Getting profile posts, comments and replies data in process.... 174/1780
27-01-2024 08:12:50.329 INFO: Fetching and saving profile jonathanvanmeter posts, comments and replies
27-01-2024 08:13:17.156 INFO: Done Fetching and saving profile jonathanvanmeter posts, comments and replies. duration: 26 seconds.
27-01-2024 08:13:17.156 INFO: Getting profile posts, comments and replies data in process.... 175/1780
27-01-2024 08:13:17.266 INFO: Fetching and saving profile jonathan.anderson posts, comments and replies
27-01-2024 08:19:40.542 INFO: Done Fetching and saving profile jonathan.anderson posts, comments and replies. duration: 383 seconds.
27-01-2024 08:19:40.542 INFO: Getting profile posts, comments and replies data in process.... 176/1780
27-01-2024 08:19:40.652 INFO: Fetching and saving profile davidloy posts, comments and replies
27-01-2024 08:22:33.680 INFO: Done Fetching and saving profile davidloy posts, comments and replies. duration: 173 seconds.
27-01-2024 08:22:33.680 INFO: Getting profile posts, comments and replies data in process.... 177/1780
27-01-2024 08:22:33.791 INFO: Fetching and saving profile davidhenrie posts, comments and replies
27-01-2024 08:30:22.501 INFO: Done Fetching and saving profile davidhenrie posts, comments and replies. duration: 468 seconds.
27-01-2024 08:30:22.501 INFO: Getting profile posts, comments and replies data in process.... 178/1780
27-01-2024 08:30:22.611 INFO: Fetching and saving profile david_braz posts, comments and replies
27-01-2024 08:31:05.229 INFO: Done Fetching and saving profile david_braz posts, comments and replies. duration: 42 seconds.
27-01-2024 08:31:05.229 INFO: Getting profile posts, comments and replies data in process.... 179/1780
27-01-2024 08:31:05.340 INFO: Fetching and saving profile davidjonesstore posts, comments and replies
27-01-2024 08:32:53.086 INFO: Done Fetching and saving profile davidjonesstore posts, comments and replies. duration: 107 seconds.
27-01-2024 08:32:53.086 INFO: Getting profile posts, comments and replies data in process.... 180/1780
27-01-2024 08:32:53.195 INFO: Fetching and saving profile dguttenfelder posts, comments and replies
27-01-2024 08:32:58.902 INFO: Done Fetching and saving profile dguttenfelder posts, comments and replies. duration: 5 seconds.
27-01-2024 08:32:58.902 INFO: Getting profile posts, comments and replies data in process.... 181/1780
27-01-2024 08:32:59.012 INFO: Fetching and saving profile davidkirsch posts, comments and replies
27-01-2024 08:34:06.273 INFO: Done Fetching and saving profile davidkirsch posts, comments and replies. duration: 67 seconds.
27-01-2024 08:34:06.273 INFO: Getting profile posts, comments and replies data in process.... 182/1780
27-01-2024 08:34:06.383 INFO: Fetching and saving profile davidkomalondon posts, comments and replies
27-01-2024 08:36:16.728 INFO: Done Fetching and saving profile davidkomalondon posts, comments and replies. duration: 130 seconds.
27-01-2024 08:36:16.728 INFO: Getting profile posts, comments and replies data in process.... 183/1780
27-01-2024 08:36:16.838 INFO: Fetching and saving profile davidgrutman posts, comments and replies
27-01-2024 08:38:55.402 INFO: Done Fetching and saving profile davidgrutman posts, comments and replies. duration: 158 seconds.
27-01-2024 08:38:55.402 INFO: Getting profile posts, comments and replies data in process.... 184/1780
27-01-2024 08:38:55.506 INFO: Fetching and saving profile davidluiz23 posts, comments and replies
27-01-2024 08:40:39.184 INFO: Done Fetching and saving profile davidluiz23 posts, comments and replies. duration: 103 seconds.
27-01-2024 08:40:39.184 INFO: Getting profile posts, comments and replies data in process.... 185/1780
27-01-2024 08:40:39.295 INFO: Fetching and saving profile eric_davidich posts, comments and replies
27-01-2024 08:41:18.558 INFO: Done Fetching and saving profile eric_davidich posts, comments and replies. duration: 39 seconds.
27-01-2024 08:41:18.558 INFO: Getting profile posts, comments and replies data in process.... 186/1780
27-01-2024 08:41:18.668 INFO: Fetching and saving profile davidguetta posts, comments and replies
27-01-2024 08:49:32.223 INFO: Done Fetching and saving profile davidguetta posts, comments and replies. duration: 493 seconds.
27-01-2024 08:49:32.223 INFO: Getting profile posts, comments and replies data in process.... 187/1780
27-01-2024 08:49:32.333 INFO: Fetching and saving profile craigdavid posts, comments and replies
27-01-2024 09:07:07.402 INFO: Done Fetching and saving profile craigdavid posts, comments and replies. duration: 1055 seconds.
27-01-2024 09:07:07.402 INFO: Getting profile posts, comments and replies data in process.... 188/1780
27-01-2024 09:07:07.513 INFO: Fetching and saving profile patrickbetdavid posts, comments and replies
27-01-2024 09:22:41.373 INFO: Done Fetching and saving profile patrickbetdavid posts, comments and replies. duration: 933 seconds.
27-01-2024 09:22:41.373 INFO: Getting profile posts, comments and replies data in process.... 189/1780
27-01-2024 09:22:41.483 INFO: Fetching and saving profile davidlynchfoundation posts, comments and replies
27-01-2024 09:24:43.520 INFO: Done Fetching and saving profile davidlynchfoundation posts, comments and replies. duration: 122 seconds.
27-01-2024 09:24:43.520 INFO: Getting profile posts, comments and replies data in process.... 190/1780
27-01-2024 09:24:43.630 INFO: Fetching and saving profile be_positive_ann posts, comments and replies
27-01-2024 09:25:32.923 INFO: Done Fetching and saving profile be_positive_ann posts, comments and replies. duration: 49 seconds.
27-01-2024 09:25:32.923 INFO: Getting profile posts, comments and replies data in process.... 191/1780
27-01-2024 09:25:33.025 INFO: Fetching and saving profile gabriod posts, comments and replies
27-01-2024 09:28:19.889 INFO: Done Fetching and saving profile gabriod posts, comments and replies. duration: 166 seconds.
27-01-2024 09:28:19.889 INFO: Getting profile posts, comments and replies data in process.... 192/1780
27-01-2024 09:28:19.999 INFO: Fetching and saving profile davidjharrisjr posts, comments and replies
