26-01-2024 11:19:11.464 INFO: Fetching profile's posts,comments and replies process has started.
26-01-2024 11:19:11.464 INFO: Fetching and saving profile princejdc posts, comments and replies
26-01-2024 11:19:18.098 INFO: Done Fetching and saving profile princejdc posts, comments and replies. duration: 6 seconds.
26-01-2024 11:19:18.098 INFO: Getting profile posts, comments and replies data in process.... 1/1930
26-01-2024 11:19:18.209 INFO: Fetching and saving profile justinwillman posts, comments and replies
26-01-2024 11:20:23.049 INFO: Done Fetching and saving profile justinwillman posts, comments and replies. duration: 64 seconds.
26-01-2024 11:20:23.065 INFO: Getting profile posts, comments and replies data in process.... 2/1930
26-01-2024 11:20:23.175 INFO: Fetching and saving profile justinbieber posts, comments and replies
26-01-2024 11:27:35.165 INFO: Done Fetching and saving profile justinbieber posts, comments and replies. duration: 431 seconds.
26-01-2024 11:27:35.165 INFO: Getting profile posts, comments and replies data in process.... 3/1930
26-01-2024 11:27:35.270 INFO: Fetching and saving profile justinbaldoni posts, comments and replies
26-01-2024 11:27:41.690 INFO: Done Fetching and saving profile justinbaldoni posts, comments and replies. duration: 6 seconds.
26-01-2024 11:27:41.690 INFO: Getting profile posts, comments and replies data in process.... 4/1930
26-01-2024 11:27:41.797 INFO: Fetching and saving profile shanejustin posts, comments and replies
26-01-2024 11:34:51.547 INFO: Done Fetching and saving profile shanejustin posts, comments and replies. duration: 429 seconds.
26-01-2024 11:34:51.547 INFO: Getting profile posts, comments and replies data in process.... 5/1930
26-01-2024 11:34:51.660 INFO: Fetching and saving profile justinemarjan posts, comments and replies
26-01-2024 11:40:44.637 INFO: Done Fetching and saving profile justinemarjan posts, comments and replies. duration: 352 seconds.
26-01-2024 11:40:44.637 INFO: Getting profile posts, comments and replies data in process.... 6/1930
26-01-2024 11:40:44.742 INFO: Fetching and saving profile justinasylvester posts, comments and replies
26-01-2024 11:44:36.099 INFO: Done Fetching and saving profile justinasylvester posts, comments and replies. duration: 231 seconds.
26-01-2024 11:44:36.099 INFO: Getting profile posts, comments and replies data in process.... 7/1930
26-01-2024 11:44:36.214 INFO: Fetching and saving profile justinavalentine posts, comments and replies
26-01-2024 11:48:09.346 INFO: Done Fetching and saving profile justinavalentine posts, comments and replies. duration: 213 seconds.
26-01-2024 11:48:09.346 INFO: Getting profile posts, comments and replies data in process.... 8/1930
26-01-2024 11:48:09.461 INFO: Fetching and saving profile justin.a.moore posts, comments and replies
26-01-2024 11:51:03.486 INFO: Done Fetching and saving profile justin.a.moore posts, comments and replies. duration: 174 seconds.
26-01-2024 11:51:03.486 INFO: Getting profile posts, comments and replies data in process.... 9/1930
26-01-2024 11:51:03.597 INFO: Fetching and saving profile jquiles posts, comments and replies
26-01-2024 12:01:12.855 INFO: Done Fetching and saving profile jquiles posts, comments and replies. duration: 609 seconds.
26-01-2024 12:01:12.855 INFO: Getting profile posts, comments and replies data in process.... 10/1930
26-01-2024 12:01:12.965 INFO: Fetching and saving profile justinthomas34 posts, comments and replies
26-01-2024 12:03:19.003 INFO: Done Fetching and saving profile justinthomas34 posts, comments and replies. duration: 126 seconds.
26-01-2024 12:03:19.003 INFO: Getting profile posts, comments and replies data in process.... 11/1930
26-01-2024 12:03:19.113 INFO: Fetching and saving profile justinalexander posts, comments and replies
26-01-2024 12:05:18.521 INFO: Done Fetching and saving profile justinalexander posts, comments and replies. duration: 119 seconds.
26-01-2024 12:05:18.521 INFO: Getting profile posts, comments and replies data in process.... 12/1930
26-01-2024 12:05:18.631 INFO: Fetching and saving profile justinjohnsonlive posts, comments and replies
26-01-2024 12:08:20.106 INFO: Done Fetching and saving profile justinjohnsonlive posts, comments and replies. duration: 181 seconds.
26-01-2024 12:08:20.106 INFO: Getting profile posts, comments and replies data in process.... 13/1930
26-01-2024 12:08:20.216 INFO: Fetching and saving profile justineschlue posts, comments and replies
26-01-2024 12:13:31.273 INFO: Done Fetching and saving profile justineschlue posts, comments and replies. duration: 311 seconds.
26-01-2024 12:13:31.273 INFO: Getting profile posts, comments and replies data in process.... 14/1930
26-01-2024 12:13:31.382 INFO: Fetching and saving profile justinpjtrudeau posts, comments and replies
26-01-2024 12:46:38.427 INFO: Done Fetching and saving profile justinpjtrudeau posts, comments and replies. duration: 1987 seconds.
26-01-2024 12:46:38.427 INFO: Getting profile posts, comments and replies data in process.... 15/1930
26-01-2024 12:46:38.537 INFO: Fetching and saving profile justinlockey posts, comments and replies
26-01-2024 12:48:00.144 INFO: Done Fetching and saving profile justinlockey posts, comments and replies. duration: 81 seconds.
26-01-2024 12:48:00.144 INFO: Getting profile posts, comments and replies data in process.... 16/1930
26-01-2024 12:48:00.247 INFO: Fetching and saving profile justinkucsulain posts, comments and replies
26-01-2024 12:49:29.739 INFO: Done Fetching and saving profile justinkucsulain posts, comments and replies. duration: 89 seconds.
26-01-2024 12:49:29.739 INFO: Getting profile posts, comments and replies data in process.... 17/1930
26-01-2024 12:49:29.848 INFO: Fetching and saving profile thebigpygmy posts, comments and replies
26-01-2024 12:49:36.357 INFO: Done Fetching and saving profile thebigpygmy posts, comments and replies. duration: 6 seconds.
26-01-2024 12:49:36.357 INFO: Getting profile posts, comments and replies data in process.... 18/1930
26-01-2024 12:49:36.467 INFO: Fetching and saving profile miloanthonyventimiglia posts, comments and replies
26-01-2024 12:49:42.993 INFO: Done Fetching and saving profile miloanthonyventimiglia posts, comments and replies. duration: 6 seconds.
26-01-2024 12:49:43.008 INFO: Getting profile posts, comments and replies data in process.... 19/1930
26-01-2024 12:49:43.119 INFO: Fetching and saving profile carrinoanthony posts, comments and replies
26-01-2024 12:49:49.597 INFO: Done Fetching and saving profile carrinoanthony posts, comments and replies. duration: 6 seconds.
26-01-2024 12:49:49.597 INFO: Getting profile posts, comments and replies data in process.... 20/1930
26-01-2024 12:49:49.707 INFO: Fetching and saving profile anthonymandler posts, comments and replies
26-01-2024 12:58:25.858 INFO: Done Fetching and saving profile anthonymandler posts, comments and replies. duration: 516 seconds.
26-01-2024 12:58:25.858 INFO: Getting profile posts, comments and replies data in process.... 21/1930
26-01-2024 12:58:25.958 INFO: Fetching and saving profile anthony.varrecchia posts, comments and replies
26-01-2024 13:00:01.472 INFO: Done Fetching and saving profile anthony.varrecchia posts, comments and replies. duration: 95 seconds.
26-01-2024 13:00:01.472 INFO: Getting profile posts, comments and replies data in process.... 22/1930
26-01-2024 13:00:01.573 INFO: Fetching and saving profile carmeloanthony posts, comments and replies
26-01-2024 13:03:22.391 INFO: Done Fetching and saving profile carmeloanthony posts, comments and replies. duration: 200 seconds.
26-01-2024 13:03:22.391 INFO: Getting profile posts, comments and replies data in process.... 23/1930
26-01-2024 13:03:22.493 INFO: Fetching and saving profile anthonyhnguyenmakeup posts, comments and replies
26-01-2024 13:04:49.097 INFO: Done Fetching and saving profile anthonyhnguyenmakeup posts, comments and replies. duration: 86 seconds.
26-01-2024 13:04:49.097 INFO: Getting profile posts, comments and replies data in process.... 24/1930
26-01-2024 13:04:49.200 INFO: Fetching and saving profile anthony_017 posts, comments and replies
26-01-2024 13:06:15.498 INFO: Done Fetching and saving profile anthony_017 posts, comments and replies. duration: 86 seconds.
26-01-2024 13:06:15.499 INFO: Getting profile posts, comments and replies data in process.... 25/1930
26-01-2024 13:06:15.607 INFO: Fetching and saving profile anthony_rumble posts, comments and replies
26-01-2024 13:06:22.034 INFO: Done Fetching and saving profile anthony_rumble posts, comments and replies. duration: 6 seconds.
26-01-2024 13:06:22.034 INFO: Getting profile posts, comments and replies data in process.... 26/1930
26-01-2024 13:06:22.139 INFO: Fetching and saving profile lala posts, comments and replies
26-01-2024 13:12:20.346 INFO: Done Fetching and saving profile lala posts, comments and replies. duration: 358 seconds.
26-01-2024 13:12:20.347 INFO: Getting profile posts, comments and replies data in process.... 27/1930
26-01-2024 13:12:20.451 INFO: Fetching and saving profile anthonyhamiltonofficial posts, comments and replies
26-01-2024 13:16:53.553 INFO: Done Fetching and saving profile anthonyhamiltonofficial posts, comments and replies. duration: 273 seconds.
26-01-2024 13:16:53.553 INFO: Getting profile posts, comments and replies data in process.... 28/1930
26-01-2024 13:16:53.667 INFO: Fetching and saving profile manthony783 posts, comments and replies
26-01-2024 13:18:22.846 INFO: Done Fetching and saving profile manthony783 posts, comments and replies. duration: 89 seconds.
26-01-2024 13:18:22.847 INFO: Getting profile posts, comments and replies data in process.... 29/1930
26-01-2024 13:18:22.960 INFO: Fetching and saving profile anthonyanderson posts, comments and replies
26-01-2024 13:23:27.512 INFO: Done Fetching and saving profile anthonyanderson posts, comments and replies. duration: 304 seconds.
26-01-2024 13:23:27.512 INFO: Getting profile posts, comments and replies data in process.... 30/1930
26-01-2024 13:23:27.614 INFO: Fetching and saving profile anthonyholguin posts, comments and replies
26-01-2024 13:23:50.656 INFO: Done Fetching and saving profile anthonyholguin posts, comments and replies. duration: 23 seconds.
26-01-2024 13:23:50.657 INFO: Getting profile posts, comments and replies data in process.... 31/1930
26-01-2024 13:23:50.768 INFO: Fetching and saving profile kingofhair posts, comments and replies
26-01-2024 13:31:50.324 INFO: Done Fetching and saving profile kingofhair posts, comments and replies. duration: 479 seconds.
26-01-2024 13:31:50.325 INFO: Getting profile posts, comments and replies data in process.... 32/1930
26-01-2024 13:31:50.441 INFO: Fetching and saving profile spiceadams posts, comments and replies
26-01-2024 13:40:18.422 INFO: Done Fetching and saving profile spiceadams posts, comments and replies. duration: 507 seconds.
26-01-2024 13:40:18.423 INFO: Getting profile posts, comments and replies data in process.... 33/1930
26-01-2024 13:40:18.527 INFO: Fetching and saving profile anthonyvaccarello posts, comments and replies
26-01-2024 13:42:47.583 INFO: Done Fetching and saving profile anthonyvaccarello posts, comments and replies. duration: 149 seconds.
26-01-2024 13:42:47.584 INFO: Getting profile posts, comments and replies data in process.... 34/1930
26-01-2024 13:42:47.687 INFO: Fetching and saving profile carbajalphoto posts, comments and replies
26-01-2024 13:43:56.678 INFO: Done Fetching and saving profile carbajalphoto posts, comments and replies. duration: 68 seconds.
26-01-2024 13:43:56.679 INFO: Getting profile posts, comments and replies data in process.... 35/1930
26-01-2024 13:43:56.794 INFO: Fetching and saving profile anthonyjoshua posts, comments and replies
26-01-2024 13:47:11.189 INFO: Done Fetching and saving profile anthonyjoshua posts, comments and replies. duration: 194 seconds.
26-01-2024 13:47:11.189 INFO: Getting profile posts, comments and replies data in process.... 36/1930
26-01-2024 13:47:11.304 INFO: Fetching and saving profile arobles125 posts, comments and replies
26-01-2024 13:48:02.132 INFO: Done Fetching and saving profile arobles125 posts, comments and replies. duration: 50 seconds.
26-01-2024 13:48:02.132 INFO: Getting profile posts, comments and replies data in process.... 37/1930
26-01-2024 13:48:02.239 INFO: Fetching and saving profile janthonymarks posts, comments and replies
26-01-2024 13:48:08.712 INFO: Done Fetching and saving profile janthonymarks posts, comments and replies. duration: 6 seconds.
26-01-2024 13:48:08.712 INFO: Getting profile posts, comments and replies data in process.... 38/1930
26-01-2024 13:48:08.830 INFO: Fetching and saving profile afantano posts, comments and replies
26-01-2024 14:06:28.182 INFO: Done Fetching and saving profile afantano posts, comments and replies. duration: 1099 seconds.
26-01-2024 14:06:28.183 INFO: Getting profile posts, comments and replies data in process.... 39/1930
26-01-2024 14:06:28.285 INFO: Fetching and saving profile sajitha_anthony posts, comments and replies
26-01-2024 14:07:53.899 INFO: Done Fetching and saving profile sajitha_anthony posts, comments and replies. duration: 85 seconds.
26-01-2024 14:07:53.899 INFO: Getting profile posts, comments and replies data in process.... 40/1930
26-01-2024 14:07:54.013 INFO: Fetching and saving profile blinkcut posts, comments and replies
26-01-2024 14:08:00.406 INFO: Done Fetching and saving profile blinkcut posts, comments and replies. duration: 6 seconds.
26-01-2024 14:08:00.406 INFO: Getting profile posts, comments and replies data in process.... 41/1930
26-01-2024 14:08:00.518 INFO: Fetching and saving profile audreylglass posts, comments and replies
26-01-2024 14:10:26.621 INFO: Done Fetching and saving profile audreylglass posts, comments and replies. duration: 146 seconds.
26-01-2024 14:10:26.621 INFO: Getting profile posts, comments and replies data in process.... 42/1930
26-01-2024 14:10:26.729 INFO: Fetching and saving profile fourfeetnine posts, comments and replies
26-01-2024 14:12:07.911 INFO: Done Fetching and saving profile fourfeetnine posts, comments and replies. duration: 101 seconds.
26-01-2024 14:12:07.912 INFO: Getting profile posts, comments and replies data in process.... 43/1930
26-01-2024 14:12:08.025 INFO: Fetching and saving profile audrey_ayaka posts, comments and replies
26-01-2024 14:13:37.541 INFO: Done Fetching and saving profile audrey_ayaka posts, comments and replies. duration: 89 seconds.
26-01-2024 14:13:37.541 INFO: Getting profile posts, comments and replies data in process.... 44/1930
26-01-2024 14:13:37.643 INFO: Fetching and saving profile audreyroloff posts, comments and replies
26-01-2024 14:23:27.331 INFO: Done Fetching and saving profile audreyroloff posts, comments and replies. duration: 589 seconds.
26-01-2024 14:23:27.332 INFO: Getting profile posts, comments and replies data in process.... 45/1930
26-01-2024 14:23:27.436 INFO: Fetching and saving profile audreycastorenotv posts, comments and replies
26-01-2024 14:25:12.078 INFO: Done Fetching and saving profile audreycastorenotv posts, comments and replies. duration: 104 seconds.
26-01-2024 14:25:12.078 INFO: Getting profile posts, comments and replies data in process.... 46/1930
26-01-2024 14:25:12.186 INFO: Fetching and saving profile audreycosty posts, comments and replies
26-01-2024 14:25:29.866 INFO: Done Fetching and saving profile audreycosty posts, comments and replies. duration: 17 seconds.
26-01-2024 14:25:29.867 INFO: Getting profile posts, comments and replies data in process.... 47/1930
26-01-2024 14:25:29.970 INFO: Fetching and saving profile dreybradford posts, comments and replies
26-01-2024 14:28:17.114 INFO: Done Fetching and saving profile dreybradford posts, comments and replies. duration: 167 seconds.
26-01-2024 14:28:17.114 INFO: Getting profile posts, comments and replies data in process.... 48/1930
26-01-2024 14:28:17.230 INFO: Fetching and saving profile audreylombard posts, comments and replies
26-01-2024 14:32:41.448 INFO: Done Fetching and saving profile audreylombard posts, comments and replies. duration: 264 seconds.
26-01-2024 14:32:41.448 INFO: Getting profile posts, comments and replies data in process.... 49/1930
26-01-2024 14:32:41.562 INFO: Fetching and saving profile audreyx77 posts, comments and replies
26-01-2024 14:35:37.722 INFO: Done Fetching and saving profile audreyx77 posts, comments and replies. duration: 176 seconds.
26-01-2024 14:35:37.722 INFO: Getting profile posts, comments and replies data in process.... 50/1930
26-01-2024 14:35:37.832 INFO: Fetching and saving profile rareaudreyhepburn posts, comments and replies
26-01-2024 14:39:11.565 INFO: Done Fetching and saving profile rareaudreyhepburn posts, comments and replies. duration: 213 seconds.
26-01-2024 14:39:11.565 INFO: Getting profile posts, comments and replies data in process.... 51/1930
26-01-2024 14:39:11.675 INFO: Fetching and saving profile audreypoux posts, comments and replies
26-01-2024 14:39:57.162 INFO: Done Fetching and saving profile audreypoux posts, comments and replies. duration: 45 seconds.
26-01-2024 14:39:57.162 INFO: Getting profile posts, comments and replies data in process.... 52/1930
26-01-2024 14:39:57.272 INFO: Fetching and saving profile audreykuchen posts, comments and replies
26-01-2024 14:41:34.269 INFO: Done Fetching and saving profile audreykuchen posts, comments and replies. duration: 96 seconds.
26-01-2024 14:41:34.270 INFO: Getting profile posts, comments and replies data in process.... 53/1930
26-01-2024 14:41:34.377 INFO: Fetching and saving profile audrey_lunda posts, comments and replies
26-01-2024 14:45:49.852 INFO: Done Fetching and saving profile audrey_lunda posts, comments and replies. duration: 255 seconds.
26-01-2024 14:45:49.852 INFO: Getting profile posts, comments and replies data in process.... 54/1930
26-01-2024 14:45:49.964 INFO: Fetching and saving profile audreyy.id posts, comments and replies
26-01-2024 14:50:43.598 INFO: Done Fetching and saving profile audreyy.id posts, comments and replies. duration: 293 seconds.
26-01-2024 14:50:43.598 INFO: Getting profile posts, comments and replies data in process.... 55/1930
26-01-2024 14:50:43.708 INFO: Fetching and saving profile audrey_hepburn_eternally posts, comments and replies
26-01-2024 15:04:12.334 INFO: Done Fetching and saving profile audrey_hepburn_eternally posts, comments and replies. duration: 808 seconds.
26-01-2024 15:04:12.334 INFO: Getting profile posts, comments and replies data in process.... 56/1930
26-01-2024 15:04:12.444 INFO: Fetching and saving profile audrey_d_pereira posts, comments and replies
26-01-2024 15:06:05.627 INFO: Done Fetching and saving profile audrey_d_pereira posts, comments and replies. duration: 113 seconds.
26-01-2024 15:06:05.627 INFO: Getting profile posts, comments and replies data in process.... 57/1930
26-01-2024 15:06:05.736 INFO: Fetching and saving profile audreylieutaud posts, comments and replies
26-01-2024 15:09:27.986 INFO: Done Fetching and saving profile audreylieutaud posts, comments and replies. duration: 202 seconds.
26-01-2024 15:09:27.986 INFO: Getting profile posts, comments and replies data in process.... 58/1930
26-01-2024 15:09:28.096 INFO: Fetching and saving profile emilyijackson posts, comments and replies
26-01-2024 15:10:58.782 INFO: Done Fetching and saving profile emilyijackson posts, comments and replies. duration: 90 seconds.
26-01-2024 15:10:58.782 INFO: Getting profile posts, comments and replies data in process.... 59/1930
26-01-2024 15:10:58.892 INFO: Fetching and saving profile sosueme_ie posts, comments and replies
26-01-2024 15:17:47.216 INFO: Done Fetching and saving profile sosueme_ie posts, comments and replies. duration: 408 seconds.
26-01-2024 15:17:47.216 INFO: Getting profile posts, comments and replies data in process.... 60/1930
26-01-2024 15:17:47.322 INFO: Fetching and saving profile jwetherbee posts, comments and replies
26-01-2024 15:19:21.289 INFO: Done Fetching and saving profile jwetherbee posts, comments and replies. duration: 93 seconds.
26-01-2024 15:19:21.289 INFO: Getting profile posts, comments and replies data in process.... 61/1930
26-01-2024 15:19:21.396 INFO: Fetching and saving profile mrnatejackson posts, comments and replies
26-01-2024 15:22:25.386 INFO: Done Fetching and saving profile mrnatejackson posts, comments and replies. duration: 183 seconds.
26-01-2024 15:22:25.386 INFO: Getting profile posts, comments and replies data in process.... 62/1930
26-01-2024 15:22:25.496 INFO: Fetching and saving profile mj3000 posts, comments and replies
26-01-2024 15:35:24.663 INFO: Done Fetching and saving profile mj3000 posts, comments and replies. duration: 779 seconds.
26-01-2024 15:35:24.663 INFO: Getting profile posts, comments and replies data in process.... 63/1930
26-01-2024 15:35:24.774 INFO: Fetching and saving profile _stak5_ posts, comments and replies
26-01-2024 15:49:46.367 INFO: Done Fetching and saving profile _stak5_ posts, comments and replies. duration: 861 seconds.
26-01-2024 15:49:46.367 INFO: Getting profile posts, comments and replies data in process.... 64/1930
26-01-2024 15:49:46.469 INFO: Fetching and saving profile officialjacksonguitars posts, comments and replies
26-01-2024 15:53:19.393 INFO: Done Fetching and saving profile officialjacksonguitars posts, comments and replies. duration: 212 seconds.
26-01-2024 15:53:19.393 INFO: Getting profile posts, comments and replies data in process.... 65/1930
26-01-2024 15:53:19.504 INFO: Fetching and saving profile 1charrisse posts, comments and replies
26-01-2024 15:54:51.372 INFO: Done Fetching and saving profile 1charrisse posts, comments and replies. duration: 91 seconds.
26-01-2024 15:54:51.372 INFO: Getting profile posts, comments and replies data in process.... 66/1930
26-01-2024 15:54:51.483 INFO: Fetching and saving profile barrett_jackson posts, comments and replies
26-01-2024 15:59:12.236 INFO: Done Fetching and saving profile barrett_jackson posts, comments and replies. duration: 260 seconds.
26-01-2024 15:59:12.236 INFO: Getting profile posts, comments and replies data in process.... 67/1930
26-01-2024 15:59:12.347 INFO: Fetching and saving profile dee_jaxon posts, comments and replies
26-01-2024 16:21:57.422 INFO: Done Fetching and saving profile dee_jaxon posts, comments and replies. duration: 1365 seconds.
26-01-2024 16:21:57.422 INFO: Getting profile posts, comments and replies data in process.... 68/1930
26-01-2024 16:21:57.532 INFO: Fetching and saving profile jacksongoldstone posts, comments and replies
26-01-2024 16:23:16.994 INFO: Done Fetching and saving profile jacksongoldstone posts, comments and replies. duration: 79 seconds.
26-01-2024 16:23:16.994 INFO: Getting profile posts, comments and replies data in process.... 69/1930
26-01-2024 16:23:17.103 INFO: Fetching and saving profile michaeljackson posts, comments and replies
26-01-2024 16:34:01.655 INFO: Done Fetching and saving profile michaeljackson posts, comments and replies. duration: 644 seconds.
26-01-2024 16:34:01.655 INFO: Getting profile posts, comments and replies data in process.... 70/1930
26-01-2024 16:34:01.765 INFO: Fetching and saving profile revjjackson posts, comments and replies
26-01-2024 16:37:10.447 INFO: Done Fetching and saving profile revjjackson posts, comments and replies. duration: 188 seconds.
26-01-2024 16:37:10.447 INFO: Getting profile posts, comments and replies data in process.... 71/1930
26-01-2024 16:37:10.557 INFO: Fetching and saving profile jacksoncunhamanga posts, comments and replies
26-01-2024 16:38:34.628 INFO: Done Fetching and saving profile jacksoncunhamanga posts, comments and replies. duration: 84 seconds.
26-01-2024 16:38:34.628 INFO: Getting profile posts, comments and replies data in process.... 72/1930
26-01-2024 16:38:34.738 INFO: Fetching and saving profile jacksonrathbone posts, comments and replies
26-01-2024 16:38:41.240 INFO: Done Fetching and saving profile jacksonrathbone posts, comments and replies. duration: 6 seconds.
26-01-2024 16:38:41.240 INFO: Getting profile posts, comments and replies data in process.... 73/1930
26-01-2024 16:38:41.350 INFO: Fetching and saving profile jordanvoth posts, comments and replies
26-01-2024 16:43:39.718 INFO: Done Fetching and saving profile jordanvoth posts, comments and replies. duration: 298 seconds.
26-01-2024 16:43:39.718 INFO: Getting profile posts, comments and replies data in process.... 74/1930
26-01-2024 16:43:39.829 INFO: Fetching and saving profile alliseeisgold posts, comments and replies
26-01-2024 16:44:13.656 INFO: Done Fetching and saving profile alliseeisgold posts, comments and replies. duration: 33 seconds.
26-01-2024 16:44:13.656 INFO: Getting profile posts, comments and replies data in process.... 75/1930
26-01-2024 16:44:13.766 INFO: Fetching and saving profile charlyjordan posts, comments and replies
26-01-2024 16:47:20.785 INFO: Done Fetching and saving profile charlyjordan posts, comments and replies. duration: 187 seconds.
26-01-2024 16:47:20.785 INFO: Getting profile posts, comments and replies data in process.... 76/1930
26-01-2024 16:47:20.895 INFO: Fetching and saving profile jordanabrewster posts, comments and replies
26-01-2024 16:50:44.661 INFO: Done Fetching and saving profile jordanabrewster posts, comments and replies. duration: 203 seconds.
26-01-2024 16:50:44.661 INFO: Getting profile posts, comments and replies data in process.... 77/1930
26-01-2024 16:50:44.771 INFO: Fetching and saving profile jordanbeau posts, comments and replies
26-01-2024 16:52:09.648 INFO: Done Fetching and saving profile jordanbeau posts, comments and replies. duration: 84 seconds.
26-01-2024 16:52:09.648 INFO: Getting profile posts, comments and replies data in process.... 78/1930
26-01-2024 16:52:09.758 INFO: Fetching and saving profile fork_knife posts, comments and replies
26-01-2024 16:53:15.706 INFO: Done Fetching and saving profile fork_knife posts, comments and replies. duration: 65 seconds.
26-01-2024 16:53:15.706 INFO: Getting profile posts, comments and replies data in process.... 79/1930
26-01-2024 16:53:15.816 INFO: Fetching and saving profile erickjordan33 posts, comments and replies
26-01-2024 16:58:35.318 INFO: Done Fetching and saving profile erickjordan33 posts, comments and replies. duration: 319 seconds.
26-01-2024 16:58:35.318 INFO: Getting profile posts, comments and replies data in process.... 80/1930
26-01-2024 16:58:35.428 INFO: Fetching and saving profile jordanhaj posts, comments and replies
26-01-2024 17:00:27.030 INFO: Done Fetching and saving profile jordanhaj posts, comments and replies. duration: 111 seconds.
26-01-2024 17:00:27.030 INFO: Getting profile posts, comments and replies data in process.... 81/1930
26-01-2024 17:00:27.140 INFO: Fetching and saving profile jordan_y_tu posts, comments and replies
26-01-2024 17:06:10.829 INFO: Done Fetching and saving profile jordan_y_tu posts, comments and replies. duration: 343 seconds.
26-01-2024 17:06:10.829 INFO: Getting profile posts, comments and replies data in process.... 82/1930
26-01-2024 17:06:10.940 INFO: Fetching and saving profile wolfofwallst posts, comments and replies
26-01-2024 17:08:20.169 INFO: Done Fetching and saving profile wolfofwallst posts, comments and replies. duration: 129 seconds.
26-01-2024 17:08:20.169 INFO: Getting profile posts, comments and replies data in process.... 83/1930
26-01-2024 17:08:20.273 INFO: Fetching and saving profile themarktwainhouse posts, comments and replies
26-01-2024 17:09:16.851 INFO: Done Fetching and saving profile themarktwainhouse posts, comments and replies. duration: 56 seconds.
26-01-2024 17:09:16.851 INFO: Getting profile posts, comments and replies data in process.... 84/1930
26-01-2024 17:09:16.960 INFO: Fetching and saving profile marktwainlibraryct posts, comments and replies
26-01-2024 17:09:57.352 INFO: Done Fetching and saving profile marktwainlibraryct posts, comments and replies. duration: 40 seconds.
26-01-2024 17:09:57.352 INFO: Getting profile posts, comments and replies data in process.... 85/1930
26-01-2024 17:09:57.462 INFO: Fetching and saving profile mark_twain_is posts, comments and replies
26-01-2024 17:10:20.635 INFO: Done Fetching and saving profile mark_twain_is posts, comments and replies. duration: 23 seconds.
26-01-2024 17:10:20.635 INFO: Getting profile posts, comments and replies data in process.... 86/1930
26-01-2024 17:10:20.745 INFO: Fetching and saving profile mark.twain.school.peru posts, comments and replies
26-01-2024 17:10:44.203 INFO: Done Fetching and saving profile mark.twain.school.peru posts, comments and replies. duration: 23 seconds.
26-01-2024 17:10:44.203 INFO: Getting profile posts, comments and replies data in process.... 87/1930
26-01-2024 17:10:44.313 INFO: Fetching and saving profile marktwainjhs posts, comments and replies
26-01-2024 17:11:02.861 INFO: Done Fetching and saving profile marktwainjhs posts, comments and replies. duration: 18 seconds.
26-01-2024 17:11:02.861 INFO: Getting profile posts, comments and replies data in process.... 88/1930
26-01-2024 17:11:02.966 INFO: Fetching and saving profile twainlesd posts, comments and replies
26-01-2024 17:11:14.894 INFO: Done Fetching and saving profile twainlesd posts, comments and replies. duration: 11 seconds.
26-01-2024 17:11:14.894 INFO: Getting profile posts, comments and replies data in process.... 89/1930
26-01-2024 17:11:15.000 INFO: Fetching and saving profile lusdmarktwaines posts, comments and replies
26-01-2024 17:11:27.114 INFO: Done Fetching and saving profile lusdmarktwaines posts, comments and replies. duration: 12 seconds.
26-01-2024 17:11:27.114 INFO: Getting profile posts, comments and replies data in process.... 90/1930
26-01-2024 17:11:27.224 INFO: Fetching and saving profile elijah_soetopo posts, comments and replies
26-01-2024 17:12:49.196 INFO: Done Fetching and saving profile elijah_soetopo posts, comments and replies. duration: 81 seconds.
26-01-2024 17:12:49.196 INFO: Getting profile posts, comments and replies data in process.... 91/1930
26-01-2024 17:12:49.304 INFO: Fetching and saving profile elijahschaffer posts, comments and replies
26-01-2024 17:15:00.989 INFO: Done Fetching and saving profile elijahschaffer posts, comments and replies. duration: 131 seconds.
26-01-2024 17:15:00.989 INFO: Getting profile posts, comments and replies data in process.... 92/1930
26-01-2024 17:15:01.093 INFO: Fetching and saving profile elijahfarrakhan posts, comments and replies
26-01-2024 17:18:49.021 INFO: Done Fetching and saving profile elijahfarrakhan posts, comments and replies. duration: 227 seconds.
26-01-2024 17:18:49.021 INFO: Getting profile posts, comments and replies data in process.... 93/1930
26-01-2024 17:18:49.131 INFO: Fetching and saving profile iamelijahdaniel posts, comments and replies
26-01-2024 17:29:46.161 INFO: Done Fetching and saving profile iamelijahdaniel posts, comments and replies. duration: 657 seconds.
26-01-2024 17:29:46.161 INFO: Getting profile posts, comments and replies data in process.... 94/1930
26-01-2024 17:29:46.271 INFO: Fetching and saving profile elijahwolfheart posts, comments and replies
26-01-2024 17:32:33.881 INFO: Done Fetching and saving profile elijahwolfheart posts, comments and replies. duration: 167 seconds.
26-01-2024 17:32:33.881 INFO: Getting profile posts, comments and replies data in process.... 95/1930
26-01-2024 17:32:33.991 INFO: Fetching and saving profile metconphotos posts, comments and replies
26-01-2024 17:32:40.501 INFO: Done Fetching and saving profile metconphotos posts, comments and replies. duration: 6 seconds.
26-01-2024 17:32:40.501 INFO: Getting profile posts, comments and replies data in process.... 96/1930
26-01-2024 17:32:40.611 INFO: Fetching and saving profile nolan_villeneuve_art_gallery posts, comments and replies
26-01-2024 17:33:43.180 INFO: Done Fetching and saving profile nolan_villeneuve_art_gallery posts, comments and replies. duration: 62 seconds.
26-01-2024 17:33:43.180 INFO: Getting profile posts, comments and replies data in process.... 97/1930
26-01-2024 17:33:43.292 INFO: Fetching and saving profile victoriassecret posts, comments and replies
