27-01-2024 09:48:06.297 INFO: Fetching profile's posts,comments and replies process has started.
27-01-2024 09:48:06.297 INFO: Fetching and saving profile billschatpod posts, comments and replies
27-01-2024 09:48:18.719 INFO: Done Fetching and saving profile billschatpod posts, comments and replies. duration: 12 seconds.
27-01-2024 09:48:18.719 INFO: Getting profile posts, comments and replies data in process.... 1/135
27-01-2024 09:48:18.826 INFO: Fetching and saving profile billsrundeep2 posts, comments and replies
27-01-2024 09:48:40.639 INFO: Done Fetching and saving profile billsrundeep2 posts, comments and replies. duration: 21 seconds.
27-01-2024 09:48:40.639 INFO: Getting profile posts, comments and replies data in process.... 2/135
27-01-2024 09:48:40.746 INFO: Fetching and saving profile bleacherreport posts, comments and replies
27-01-2024 10:29:24.482 INFO: Done Fetching and saving profile bleacherreport posts, comments and replies. duration: 2443 seconds.
27-01-2024 10:29:24.484 INFO: Getting profile posts, comments and replies data in process.... 3/135
27-01-2024 10:29:24.585 INFO: Fetching and saving profile bobbyskinner_ posts, comments and replies
27-01-2024 10:29:57.238 INFO: Done Fetching and saving profile bobbyskinner_ posts, comments and replies. duration: 32 seconds.
27-01-2024 10:29:57.239 INFO: Getting profile posts, comments and replies data in process.... 4/135
27-01-2024 10:29:57.346 INFO: Fetching and saving profile boltupyo posts, comments and replies
27-01-2024 10:32:59.738 INFO: Done Fetching and saving profile boltupyo posts, comments and replies. duration: 182 seconds.
27-01-2024 10:32:59.739 INFO: Getting profile posts, comments and replies data in process.... 5/135
27-01-2024 10:32:59.852 INFO: Fetching and saving profile bradhensonpro posts, comments and replies
27-01-2024 10:33:05.757 INFO: Done Fetching and saving profile bradhensonpro posts, comments and replies. duration: 5 seconds.
27-01-2024 10:33:05.757 INFO: Getting profile posts, comments and replies data in process.... 6/135
27-01-2024 10:33:05.870 INFO: Fetching and saving profile bridgetcondontv posts, comments and replies
27-01-2024 10:37:44.747 INFO: Done Fetching and saving profile bridgetcondontv posts, comments and replies. duration: 278 seconds.
27-01-2024 10:37:44.748 INFO: Getting profile posts, comments and replies data in process.... 7/135
27-01-2024 10:37:44.860 INFO: Fetching and saving profile broncos posts, comments and replies
27-01-2024 10:45:10.039 INFO: Done Fetching and saving profile broncos posts, comments and replies. duration: 445 seconds.
27-01-2024 10:45:10.039 INFO: Getting profile posts, comments and replies data in process.... 8/135
27-01-2024 10:45:10.154 INFO: Fetching and saving profile clevelandbrowns posts, comments and replies
27-01-2024 11:03:36.579 INFO: Done Fetching and saving profile clevelandbrowns posts, comments and replies. duration: 1106 seconds.
27-01-2024 11:03:36.580 INFO: Getting profile posts, comments and replies data in process.... 9/135
27-01-2024 11:03:36.691 INFO: Fetching and saving profile buccaneers posts, comments and replies
27-01-2024 11:36:01.526 INFO: Done Fetching and saving profile buccaneers posts, comments and replies. duration: 1944 seconds.
27-01-2024 11:36:01.526 INFO: Getting profile posts, comments and replies data in process.... 10/135
27-01-2024 11:36:01.636 INFO: Fetching and saving profile buffalobills posts, comments and replies
27-01-2024 12:13:19.997 INFO: Done Fetching and saving profile buffalobills posts, comments and replies. duration: 2238 seconds.
27-01-2024 12:13:19.997 INFO: Getting profile posts, comments and replies data in process.... 11/135
27-01-2024 12:13:20.106 INFO: Fetching and saving profile chicagobears posts, comments and replies
27-01-2024 12:24:27.105 INFO: Done Fetching and saving profile chicagobears posts, comments and replies. duration: 666 seconds.
27-01-2024 12:24:27.105 INFO: Getting profile posts, comments and replies data in process.... 12/135
27-01-2024 12:24:27.216 INFO: Fetching and saving profile camerondwolfe posts, comments and replies
27-01-2024 12:28:14.321 INFO: Done Fetching and saving profile camerondwolfe posts, comments and replies. duration: 227 seconds.
27-01-2024 12:28:14.321 INFO: Getting profile posts, comments and replies data in process.... 13/135
27-01-2024 12:28:14.431 INFO: Fetching and saving profile chase_daniel posts, comments and replies
27-01-2024 12:31:24.055 INFO: Done Fetching and saving profile chase_daniel posts, comments and replies. duration: 189 seconds.
27-01-2024 12:31:24.055 INFO: Getting profile posts, comments and replies data in process.... 14/135
27-01-2024 12:31:24.165 INFO: Fetching and saving profile chiefs posts, comments and replies
27-01-2024 13:17:59.226 INFO: Done Fetching and saving profile chiefs posts, comments and replies. duration: 2795 seconds.
27-01-2024 13:17:59.226 INFO: Getting profile posts, comments and replies data in process.... 15/135
27-01-2024 13:17:59.340 INFO: Fetching and saving profile cincity808 posts, comments and replies
27-01-2024 13:18:16.147 INFO: Done Fetching and saving profile cincity808 posts, comments and replies. duration: 16 seconds.
27-01-2024 13:18:16.147 INFO: Getting profile posts, comments and replies data in process.... 16/135
27-01-2024 13:18:16.251 INFO: Fetching and saving profile codytalksnfl posts, comments and replies
27-01-2024 13:18:22.070 INFO: Done Fetching and saving profile codytalksnfl posts, comments and replies. duration: 5 seconds.
27-01-2024 13:18:22.070 INFO: Getting profile posts, comments and replies data in process.... 17/135
27-01-2024 13:18:22.186 INFO: Fetching and saving profile colts posts, comments and replies
27-01-2024 13:22:25.817 INFO: Done Fetching and saving profile colts posts, comments and replies. duration: 243 seconds.
27-01-2024 13:22:25.818 INFO: Getting profile posts, comments and replies data in process.... 18/135
27-01-2024 13:22:25.931 INFO: Fetching and saving profile commanders posts, comments and replies
27-01-2024 13:30:13.582 INFO: Done Fetching and saving profile commanders posts, comments and replies. duration: 467 seconds.
27-01-2024 13:30:13.582 INFO: Getting profile posts, comments and replies data in process.... 19/135
27-01-2024 13:30:13.685 INFO: Fetching and saving profile crazybillsfan posts, comments and replies
27-01-2024 13:30:19.567 INFO: Done Fetching and saving profile crazybillsfan posts, comments and replies. duration: 5 seconds.
27-01-2024 13:30:19.567 INFO: Getting profile posts, comments and replies data in process.... 20/135
27-01-2024 13:30:19.670 INFO: Fetching and saving profile dakattackshow posts, comments and replies
27-01-2024 13:30:25.617 INFO: Done Fetching and saving profile dakattackshow posts, comments and replies. duration: 5 seconds.
27-01-2024 13:30:25.618 INFO: Getting profile posts, comments and replies data in process.... 21/135
27-01-2024 13:30:25.718 INFO: Fetching and saving profile deionsanders posts, comments and replies
27-01-2024 13:57:07.980 INFO: Done Fetching and saving profile deionsanders posts, comments and replies. duration: 1602 seconds.
27-01-2024 13:57:07.980 INFO: Getting profile posts, comments and replies data in process.... 22/135
27-01-2024 13:57:08.082 INFO: Fetching and saving profile dj_bienaime posts, comments and replies
27-01-2024 13:57:47.298 INFO: Done Fetching and saving profile dj_bienaime posts, comments and replies. duration: 39 seconds.
27-01-2024 13:57:47.299 INFO: Getting profile posts, comments and replies data in process.... 23/135
27-01-2024 13:57:47.407 INFO: Fetching and saving profile drewgarrison posts, comments and replies
27-01-2024 13:57:53.402 INFO: Done Fetching and saving profile drewgarrison posts, comments and replies. duration: 5 seconds.
27-01-2024 13:57:53.403 INFO: Getting profile posts, comments and replies data in process.... 24/135
27-01-2024 13:57:53.510 INFO: Fetching and saving profile espnnfl posts, comments and replies
27-01-2024 15:12:56.182 INFO: Done Fetching and saving profile espnnfl posts, comments and replies. duration: 4502 seconds.
27-01-2024 15:12:56.184 INFO: Getting profile posts, comments and replies data in process.... 25/135
27-01-2024 15:12:56.287 INFO: Fetching and saving profile philadelphiaeagles posts, comments and replies
27-01-2024 15:30:16.451 INFO: Fetching profile's posts,comments and replies process has started.
27-01-2024 15:30:16.452 INFO: Fetching and saving profile eliotshorrparks posts, comments and replies
27-01-2024 15:35:26.976 INFO: Done Fetching and saving profile eliotshorrparks posts, comments and replies. duration: 310 seconds.
27-01-2024 15:35:26.976 INFO: Getting profile posts, comments and replies data in process.... 1/109
27-01-2024 15:35:27.077 INFO: Fetching and saving profile fballgameplan posts, comments and replies
27-01-2024 15:35:33.215 INFO: Done Fetching and saving profile fballgameplan posts, comments and replies. duration: 6 seconds.
27-01-2024 15:35:33.216 INFO: Getting profile posts, comments and replies data in process.... 2/109
27-01-2024 15:35:33.318 INFO: Fetching and saving profile fieldyates posts, comments and replies
27-01-2024 15:37:58.759 INFO: Done Fetching and saving profile fieldyates posts, comments and replies. duration: 145 seconds.
27-01-2024 15:37:58.759 INFO: Getting profile posts, comments and replies data in process.... 3/109
27-01-2024 15:37:58.873 INFO: Fetching and saving profile fredgreetham9 posts, comments and replies
27-01-2024 15:38:05.187 INFO: Done Fetching and saving profile fredgreetham9 posts, comments and replies. duration: 6 seconds.
27-01-2024 15:38:05.187 INFO: Getting profile posts, comments and replies data in process.... 4/109
27-01-2024 15:38:05.295 INFO: Fetching and saving profile gbpdaily posts, comments and replies
27-01-2024 15:59:30.581 INFO: Done Fetching and saving profile gbpdaily posts, comments and replies. duration: 1285 seconds.
27-01-2024 15:59:30.581 INFO: Getting profile posts, comments and replies data in process.... 5/109
27-01-2024 15:59:30.691 INFO: Fetching and saving profile nygiants posts, comments and replies
27-01-2024 16:11:09.393 INFO: Done Fetching and saving profile nygiants posts, comments and replies. duration: 698 seconds.
27-01-2024 16:11:09.393 INFO: Getting profile posts, comments and replies data in process.... 6/109
27-01-2024 16:11:09.504 INFO: Fetching and saving profile houstontexans posts, comments and replies
27-01-2024 16:39:37.596 INFO: Done Fetching and saving profile houstontexans posts, comments and replies. duration: 1708 seconds.
27-01-2024 16:39:37.596 INFO: Getting profile posts, comments and replies data in process.... 7/109
27-01-2024 16:39:37.701 INFO: Fetching and saving profile ihartitz_ posts, comments and replies
27-01-2024 16:39:44.245 INFO: Done Fetching and saving profile ihartitz_ posts, comments and replies. duration: 6 seconds.
27-01-2024 16:39:44.245 INFO: Getting profile posts, comments and replies data in process.... 8/109
27-01-2024 16:39:44.355 INFO: Fetching and saving profile jgrayjets posts, comments and replies
27-01-2024 16:40:06.991 INFO: Done Fetching and saving profile jgrayjets posts, comments and replies. duration: 22 seconds.
27-01-2024 16:40:06.991 INFO: Getting profile posts, comments and replies data in process.... 9/109
27-01-2024 16:40:07.102 INFO: Fetching and saving profile jaguars posts, comments and replies
27-01-2024 16:51:50.634 INFO: Done Fetching and saving profile jaguars posts, comments and replies. duration: 703 seconds.
27-01-2024 16:51:50.649 INFO: Getting profile posts, comments and replies data in process.... 10/109
27-01-2024 16:51:50.760 INFO: Fetching and saving profile jasonlacanfora posts, comments and replies
27-01-2024 16:51:57.105 INFO: Done Fetching and saving profile jasonlacanfora posts, comments and replies. duration: 6 seconds.
27-01-2024 16:51:57.105 INFO: Getting profile posts, comments and replies data in process.... 11/109
27-01-2024 16:51:57.215 INFO: Fetching and saving profile jayglazer posts, comments and replies
27-01-2024 16:53:30.563 INFO: Done Fetching and saving profile jayglazer posts, comments and replies. duration: 93 seconds.
27-01-2024 16:53:30.563 INFO: Getting profile posts, comments and replies data in process.... 12/109
27-01-2024 16:53:30.666 INFO: Fetching and saving profile jetpackgalileo posts, comments and replies
27-01-2024 16:53:36.894 INFO: Done Fetching and saving profile jetpackgalileo posts, comments and replies. duration: 6 seconds.
27-01-2024 16:53:36.894 INFO: Getting profile posts, comments and replies data in process.... 13/109
27-01-2024 16:53:37.005 INFO: Fetching and saving profile joshdubowap posts, comments and replies
27-01-2024 16:53:43.317 INFO: Done Fetching and saving profile joshdubowap posts, comments and replies. duration: 6 seconds.
27-01-2024 16:53:43.317 INFO: Getting profile posts, comments and replies data in process.... 14/109
27-01-2024 16:53:43.427 INFO: Fetching and saving profile lglodek posts, comments and replies
27-01-2024 16:53:49.724 INFO: Done Fetching and saving profile lglodek posts, comments and replies. duration: 6 seconds.
27-01-2024 16:53:49.724 INFO: Getting profile posts, comments and replies data in process.... 15/109
27-01-2024 16:53:49.837 INFO: Fetching and saving profile lawsnation posts, comments and replies
27-01-2024 17:02:37.607 INFO: Done Fetching and saving profile lawsnation posts, comments and replies. duration: 527 seconds.
27-01-2024 17:02:37.607 INFO: Getting profile posts, comments and replies data in process.... 16/109
27-01-2024 17:02:37.717 INFO: Fetching and saving profile detroitlionsnfl posts, comments and replies
27-01-2024 17:40:59.012 INFO: Done Fetching and saving profile detroitlionsnfl posts, comments and replies. duration: 2301 seconds.
27-01-2024 17:40:59.012 INFO: Getting profile posts, comments and replies data in process.... 17/109
27-01-2024 17:40:59.123 INFO: Fetching and saving profile lombardihimself posts, comments and replies
27-01-2024 17:41:23.552 INFO: Done Fetching and saving profile lombardihimself posts, comments and replies. duration: 24 seconds.
27-01-2024 17:41:23.552 INFO: Getting profile posts, comments and replies data in process.... 18/109
27-01-2024 17:41:23.662 INFO: Fetching and saving profile maddennfldirect posts, comments and replies
27-01-2024 17:41:29.959 INFO: Done Fetching and saving profile maddennfldirect posts, comments and replies. duration: 6 seconds.
27-01-2024 17:41:29.959 INFO: Getting profile posts, comments and replies data in process.... 19/109
27-01-2024 17:41:30.069 INFO: Fetching and saving profile analyticsofdynasty posts, comments and replies
27-01-2024 17:41:42.134 INFO: Done Fetching and saving profile analyticsofdynasty posts, comments and replies. duration: 12 seconds.
27-01-2024 17:41:42.134 INFO: Getting profile posts, comments and replies data in process.... 20/109
27-01-2024 17:41:42.244 INFO: Fetching and saving profile miamidolphins posts, comments and replies
27-01-2024 17:44:26.640 WARNING: Something went wrong.... (line 115)
27-01-2024 17:44:26.640 INFO: Done Fetching and saving profile miamidolphins posts, comments and replies. duration: 164 seconds.
27-01-2024 17:44:26.640 INFO: Getting profile posts, comments and replies data in process.... 21/109
27-01-2024 17:44:26.750 INFO: Fetching and saving profile hcmikemcdaniel posts, comments and replies
27-01-2024 17:44:32.993 INFO: Done Fetching and saving profile hcmikemcdaniel posts, comments and replies. duration: 6 seconds.
27-01-2024 17:44:32.993 INFO: Getting profile posts, comments and replies data in process.... 22/109
27-01-2024 17:44:33.107 INFO: Fetching and saving profile mikeclaynfl posts, comments and replies
27-01-2024 17:48:37.568 WARNING: Something went wrong.... (line 115)
27-01-2024 17:48:37.568 INFO: Done Fetching and saving profile mikeclaynfl posts, comments and replies. duration: 244 seconds.
27-01-2024 17:48:37.568 INFO: Getting profile posts, comments and replies data in process.... 23/109
27-01-2024 17:48:37.670 INFO: Fetching and saving profile dugarmike posts, comments and replies
27-01-2024 17:50:18.317 WARNING: Something went wrong.... (line 115)
27-01-2024 17:50:18.317 INFO: Done Fetching and saving profile dugarmike posts, comments and replies. duration: 100 seconds.
27-01-2024 17:50:18.317 INFO: Getting profile posts, comments and replies data in process.... 24/109
27-01-2024 17:50:18.427 INFO: Fetching and saving profile mitchellrenz365 posts, comments and replies
27-01-2024 17:54:23.748 WARNING: Something went wrong.... (line 115)
27-01-2024 17:54:23.748 INFO: Done Fetching and saving profile mitchellrenz365 posts, comments and replies. duration: 245 seconds.
27-01-2024 17:54:23.763 INFO: Getting profile posts, comments and replies data in process.... 25/109
27-01-2024 17:54:23.873 INFO: Fetching and saving profile movethesticks posts, comments and replies
27-01-2024 17:56:25.882 WARNING: Something went wrong.... (line 115)
27-01-2024 17:56:25.886 INFO: Done Fetching and saving profile movethesticks posts, comments and replies. duration: 122 seconds.
27-01-2024 17:56:25.886 INFO: Getting profile posts, comments and replies data in process.... 26/109
27-01-2024 17:56:25.996 INFO: Fetching and saving profile mysportsupdate posts, comments and replies
27-01-2024 17:56:35.122 INFO: Done Fetching and saving profile mysportsupdate posts, comments and replies. duration: 9 seconds.
27-01-2024 17:56:35.122 INFO: Getting profile posts, comments and replies data in process.... 27/109
27-01-2024 17:56:35.231 INFO: Fetching and saving profile nfl posts, comments and replies
27-01-2024 17:58:15.877 WARNING: Something went wrong.... (line 115)
27-01-2024 17:58:15.877 INFO: Done Fetching and saving profile nfl posts, comments and replies. duration: 100 seconds.
27-01-2024 17:58:15.877 INFO: Getting profile posts, comments and replies data in process.... 28/109
27-01-2024 17:58:15.987 INFO: Fetching and saving profile nflmatchup posts, comments and replies
27-01-2024 17:58:54.481 WARNING: Something went wrong.... (line 115)
27-01-2024 17:58:54.481 INFO: Done Fetching and saving profile nflmatchup posts, comments and replies. duration: 38 seconds.
27-01-2024 17:58:54.481 INFO: Getting profile posts, comments and replies data in process.... 29/109
27-01-2024 17:58:54.591 INFO: Fetching and saving profile nflmedia posts, comments and replies
27-01-2024 18:20:53.230 INFO: Done Fetching and saving profile nflmedia posts, comments and replies. duration: 1318 seconds.
27-01-2024 18:20:53.230 INFO: Getting profile posts, comments and replies data in process.... 30/109
27-01-2024 18:20:53.339 INFO: Fetching and saving profile nflnotify posts, comments and replies
27-01-2024 18:20:59.624 INFO: Done Fetching and saving profile nflnotify posts, comments and replies. duration: 6 seconds.
27-01-2024 18:20:59.624 INFO: Getting profile posts, comments and replies data in process.... 31/109
27-01-2024 18:20:59.734 INFO: Fetching and saving profile nflrt posts, comments and replies
27-01-2024 18:21:05.907 INFO: Done Fetching and saving profile nflrt posts, comments and replies. duration: 6 seconds.
27-01-2024 18:21:05.908 INFO: Getting profile posts, comments and replies data in process.... 32/109
27-01-2024 18:21:06.018 INFO: Fetching and saving profile nflrookiewatch posts, comments and replies
27-01-2024 18:21:12.259 INFO: Done Fetching and saving profile nflrookiewatch posts, comments and replies. duration: 6 seconds.
27-01-2024 18:21:12.259 INFO: Getting profile posts, comments and replies data in process.... 33/109
27-01-2024 18:21:12.362 INFO: Fetching and saving profile nflspinzone posts, comments and replies
27-01-2024 18:21:18.551 INFO: Done Fetching and saving profile nflspinzone posts, comments and replies. duration: 6 seconds.
27-01-2024 18:21:18.551 INFO: Getting profile posts, comments and replies data in process.... 34/109
27-01-2024 18:21:18.661 INFO: Fetching and saving profile nfluk posts, comments and replies
27-01-2024 18:47:08.149 INFO: Done Fetching and saving profile nfluk posts, comments and replies. duration: 1549 seconds.
27-01-2024 18:47:08.149 INFO: Getting profile posts, comments and replies data in process.... 35/109
27-01-2024 18:47:08.264 INFO: Fetching and saving profile nfl_dovkleiman posts, comments and replies
27-01-2024 18:47:14.587 INFO: Done Fetching and saving profile nfl_dovkleiman posts, comments and replies. duration: 6 seconds.
27-01-2024 18:47:14.587 INFO: Getting profile posts, comments and replies data in process.... 36/109
27-01-2024 18:47:14.702 INFO: Fetching and saving profile nflmemes_ig posts, comments and replies
27-01-2024 19:07:33.515 INFO: Done Fetching and saving profile nflmemes_ig posts, comments and replies. duration: 1218 seconds.
27-01-2024 19:07:33.515 INFO: Getting profile posts, comments and replies data in process.... 37/109
27-01-2024 19:07:33.623 INFO: Fetching and saving profile nfloncbs posts, comments and replies
27-01-2024 19:50:13.845 INFO: Done Fetching and saving profile nfloncbs posts, comments and replies. duration: 2560 seconds.
27-01-2024 19:50:13.845 INFO: Getting profile posts, comments and replies data in process.... 38/109
27-01-2024 19:50:13.953 INFO: Fetching and saving profile nflonfox posts, comments and replies
27-01-2024 20:43:50.938 INFO: Done Fetching and saving profile nflonfox posts, comments and replies. duration: 3216 seconds.
27-01-2024 20:43:50.938 INFO: Getting profile posts, comments and replies data in process.... 39/109
27-01-2024 20:43:51.049 INFO: Fetching and saving profile nygdaily posts, comments and replies
27-01-2024 20:43:57.747 INFO: Done Fetching and saving profile nygdaily posts, comments and replies. duration: 6 seconds.
27-01-2024 20:43:57.762 INFO: Getting profile posts, comments and replies data in process.... 40/109
27-01-2024 20:43:57.872 INFO: Fetching and saving profile nicholas_moreano posts, comments and replies
27-01-2024 20:44:49.477 INFO: Done Fetching and saving profile nicholas_moreano posts, comments and replies. duration: 51 seconds.
27-01-2024 20:44:49.477 INFO: Getting profile posts, comments and replies data in process.... 41/109
27-01-2024 20:44:49.587 INFO: Fetching and saving profile omahaproductions posts, comments and replies
27-01-2024 20:50:04.224 INFO: Done Fetching and saving profile omahaproductions posts, comments and replies. duration: 314 seconds.
27-01-2024 20:50:04.224 INFO: Getting profile posts, comments and replies data in process.... 42/109
27-01-2024 20:50:04.335 INFO: Fetching and saving profile omardruiz posts, comments and replies
27-01-2024 20:52:32.561 INFO: Done Fetching and saving profile omardruiz posts, comments and replies. duration: 148 seconds.
27-01-2024 20:52:32.561 INFO: Getting profile posts, comments and replies data in process.... 43/109
27-01-2024 20:52:32.671 INFO: Fetching and saving profile oursf49ers posts, comments and replies
27-01-2024 21:22:35.599 WARNING: Something went wrong. (line 161)
27-01-2024 21:24:18.529 WARNING: Something went wrong. (line 161)
27-01-2024 21:27:46.302 WARNING: Something went wrong. (line 161)
27-01-2024 21:31:16.446 WARNING: Something went wrong. (line 161)
27-01-2024 21:33:02.169 WARNING: Something went wrong. (line 161)
27-01-2024 21:34:48.164 WARNING: Something went wrong. (line 161)
27-01-2024 21:37:04.405 WARNING: Something went wrong. (line 161)
27-01-2024 21:38:04.220 INFO: Done Fetching and saving profile oursf49ers posts, comments and replies. duration: 2731 seconds.
27-01-2024 21:38:04.220 INFO: Getting profile posts, comments and replies data in process.... 44/109
27-01-2024 21:38:04.330 INFO: Fetching and saving profile pff_fantasy posts, comments and replies
27-01-2024 21:44:30.644 INFO: Done Fetching and saving profile pff_fantasy posts, comments and replies. duration: 386 seconds.
27-01-2024 21:44:30.644 INFO: Getting profile posts, comments and replies data in process.... 45/109
27-01-2024 21:44:30.753 INFO: Fetching and saving profile phleaglesnation posts, comments and replies
27-01-2024 21:44:37.093 INFO: Done Fetching and saving profile phleaglesnation posts, comments and replies. duration: 6 seconds.
27-01-2024 21:44:37.093 INFO: Getting profile posts, comments and replies data in process.... 46/109
27-01-2024 21:44:37.197 INFO: Fetching and saving profile panthers posts, comments and replies
27-01-2024 21:52:50.045 INFO: Done Fetching and saving profile panthers posts, comments and replies. duration: 492 seconds.
27-01-2024 21:52:50.045 INFO: Getting profile posts, comments and replies data in process.... 47/109
27-01-2024 21:52:50.159 INFO: Fetching and saving profile mrsalmingo posts, comments and replies
27-01-2024 21:53:01.795 INFO: Done Fetching and saving profile mrsalmingo posts, comments and replies. duration: 11 seconds.
27-01-2024 21:53:01.795 INFO: Getting profile posts, comments and replies data in process.... 48/109
27-01-2024 21:53:01.905 INFO: Fetching and saving profile patriots posts, comments and replies
27-01-2024 22:06:38.773 INFO: Done Fetching and saving profile patriots posts, comments and replies. duration: 816 seconds.
27-01-2024 22:06:38.773 INFO: Getting profile posts, comments and replies data in process.... 49/109
27-01-2024 22:06:38.883 INFO: Fetching and saving profile profootballtalk posts, comments and replies
27-01-2024 22:10:18.829 INFO: Done Fetching and saving profile profootballtalk posts, comments and replies. duration: 219 seconds.
27-01-2024 22:10:18.829 INFO: Getting profile posts, comments and replies data in process.... 50/109
27-01-2024 22:10:18.939 INFO: Fetching and saving profile rgiii posts, comments and replies
27-01-2024 22:24:48.024 INFO: Done Fetching and saving profile rgiii posts, comments and replies. duration: 869 seconds.
27-01-2024 22:24:48.024 INFO: Getting profile posts, comments and replies data in process.... 51/109
27-01-2024 22:24:48.134 INFO: Fetching and saving profile raiders posts, comments and replies
27-01-2024 22:44:23.544 INFO: Done Fetching and saving profile raiders posts, comments and replies. duration: 1175 seconds.
27-01-2024 22:44:23.544 INFO: Getting profile posts, comments and replies data in process.... 52/109
27-01-2024 22:44:23.653 INFO: Fetching and saving profile rams posts, comments and replies
27-01-2024 22:58:08.572 WARNING: Something went wrong.... (line 115)
27-01-2024 22:58:08.572 INFO: Done Fetching and saving profile rams posts, comments and replies. duration: 824 seconds.
27-01-2024 22:58:08.572 INFO: Getting profile posts, comments and replies data in process.... 53/109
27-01-2024 22:58:08.673 INFO: Fetching and saving profile rapsheet posts, comments and replies
27-01-2024 23:02:35.317 WARNING: Something went wrong.... (line 115)
27-01-2024 23:02:35.317 INFO: Done Fetching and saving profile rapsheet posts, comments and replies. duration: 266 seconds.
27-01-2024 23:02:35.317 INFO: Getting profile posts, comments and replies data in process.... 54/109
27-01-2024 23:02:35.427 INFO: Fetching and saving profile ravens posts, comments and replies
27-01-2024 23:04:26.882 WARNING: Something went wrong.... (line 115)
27-01-2024 23:04:26.898 INFO: Done Fetching and saving profile ravens posts, comments and replies. duration: 111 seconds.
27-01-2024 23:04:26.898 INFO: Getting profile posts, comments and replies data in process.... 55/109
27-01-2024 23:04:27.008 INFO: Fetching and saving profile ravens_insider posts, comments and replies
27-01-2024 23:04:33.383 INFO: Done Fetching and saving profile ravens_insider posts, comments and replies. duration: 6 seconds.
27-01-2024 23:04:33.383 INFO: Getting profile posts, comments and replies data in process.... 56/109
27-01-2024 23:04:33.489 INFO: Fetching and saving profile robrang posts, comments and replies
27-01-2024 23:04:39.954 INFO: Done Fetching and saving profile robrang posts, comments and replies. duration: 6 seconds.
27-01-2024 23:04:39.954 INFO: Getting profile posts, comments and replies data in process.... 57/109
27-01-2024 23:04:40.065 INFO: Fetching and saving profile rosstuckernfl posts, comments and replies
27-01-2024 23:09:06.706 WARNING: Something went wrong.... (line 115)
27-01-2024 23:09:06.706 INFO: Done Fetching and saving profile rosstuckernfl posts, comments and replies. duration: 266 seconds.
27-01-2024 23:09:06.706 INFO: Getting profile posts, comments and replies data in process.... 58/109
27-01-2024 23:09:06.810 INFO: Fetching and saving profile sbnationnfl posts, comments and replies
27-01-2024 23:09:13.648 INFO: Done Fetching and saving profile sbnationnfl posts, comments and replies. duration: 6 seconds.
27-01-2024 23:09:13.648 INFO: Getting profile posts, comments and replies data in process.... 59/109
27-01-2024 23:09:13.757 INFO: Fetching and saving profile saints posts, comments and replies
27-01-2024 23:10:59.847 WARNING: Something went wrong.... (line 115)
27-01-2024 23:10:59.847 INFO: Done Fetching and saving profile saints posts, comments and replies. duration: 106 seconds.
27-01-2024 23:10:59.847 INFO: Getting profile posts, comments and replies data in process.... 60/109
27-01-2024 23:10:59.957 INFO: Fetching and saving profile samiontap posts, comments and replies
27-01-2024 23:12:52.527 WARNING: Something went wrong.... (line 115)
27-01-2024 23:12:52.527 INFO: Done Fetching and saving profile samiontap posts, comments and replies. duration: 112 seconds.
27-01-2024 23:12:52.527 INFO: Getting profile posts, comments and replies data in process.... 61/109
27-01-2024 23:12:52.637 INFO: Fetching and saving profile seahawks posts, comments and replies
27-01-2024 23:42:28.450 INFO: Done Fetching and saving profile seahawks posts, comments and replies. duration: 1775 seconds.
27-01-2024 23:42:28.450 INFO: Getting profile posts, comments and replies data in process.... 62/109
27-01-2024 23:42:28.559 INFO: Fetching and saving profile seattleontap posts, comments and replies
27-01-2024 23:44:27.190 INFO: Done Fetching and saving profile seattleontap posts, comments and replies. duration: 118 seconds.
27-01-2024 23:44:27.193 INFO: Getting profile posts, comments and replies data in process.... 63/109
27-01-2024 23:44:27.301 INFO: Fetching and saving profile sharpfbanalysis posts, comments and replies
27-01-2024 23:45:38.406 INFO: Done Fetching and saving profile sharpfbanalysis posts, comments and replies. duration: 71 seconds.
27-01-2024 23:45:38.406 INFO: Getting profile posts, comments and replies data in process.... 64/109
27-01-2024 23:45:38.514 INFO: Fetching and saving profile shaunbijani posts, comments and replies
27-01-2024 23:45:56.254 INFO: Done Fetching and saving profile shaunbijani posts, comments and replies. duration: 17 seconds.
27-01-2024 23:45:56.254 INFO: Getting profile posts, comments and replies data in process.... 65/109
27-01-2024 23:45:56.364 INFO: Fetching and saving profile sleepernfl posts, comments and replies
27-01-2024 23:46:02.979 INFO: Done Fetching and saving profile sleepernfl posts, comments and replies. duration: 6 seconds.
27-01-2024 23:46:02.979 INFO: Getting profile posts, comments and replies data in process.... 66/109
27-01-2024 23:46:03.083 INFO: Fetching and saving profile speakezsports_ posts, comments and replies
27-01-2024 23:48:25.686 INFO: Done Fetching and saving profile speakezsports_ posts, comments and replies. duration: 142 seconds.
27-01-2024 23:48:25.686 INFO: Getting profile posts, comments and replies data in process.... 67/109
27-01-2024 23:48:25.788 INFO: Fetching and saving profile terrinwaack posts, comments and replies
27-01-2024 23:48:37.558 INFO: Done Fetching and saving profile terrinwaack posts, comments and replies. duration: 11 seconds.
27-01-2024 23:48:37.558 INFO: Getting profile posts, comments and replies data in process.... 68/109
27-01-2024 23:48:37.661 INFO: Fetching and saving profile ghettogronk posts, comments and replies
27-01-2024 23:58:49.901 INFO: Done Fetching and saving profile ghettogronk posts, comments and replies. duration: 612 seconds.
27-01-2024 23:58:49.901 INFO: Getting profile posts, comments and replies data in process.... 69/109
27-01-2024 23:58:50.009 INFO: Fetching and saving profile thelandoshow posts, comments and replies
28-01-2024 00:00:37.880 INFO: Done Fetching and saving profile thelandoshow posts, comments and replies. duration: 107 seconds.
28-01-2024 00:00:37.880 INFO: Getting profile posts, comments and replies data in process.... 70/109
28-01-2024 00:00:37.982 INFO: Fetching and saving profile thesfniners posts, comments and replies
28-01-2024 00:19:06.486 INFO: Done Fetching and saving profile thesfniners posts, comments and replies. duration: 1108 seconds.
28-01-2024 00:19:06.486 INFO: Getting profile posts, comments and replies data in process.... 71/109
28-01-2024 00:19:06.596 INFO: Fetching and saving profile thewarnerhouse_ posts, comments and replies
28-01-2024 00:24:39.675 INFO: Done Fetching and saving profile thewarnerhouse_ posts, comments and replies. duration: 333 seconds.
28-01-2024 00:24:39.675 INFO: Getting profile posts, comments and replies data in process.... 72/109
28-01-2024 00:24:39.785 INFO: Fetching and saving profile titans posts, comments and replies
28-01-2024 00:39:22.466 INFO: Done Fetching and saving profile titans posts, comments and replies. duration: 882 seconds.
28-01-2024 00:39:22.466 INFO: Getting profile posts, comments and replies data in process.... 73/109
28-01-2024 00:39:22.576 INFO: Fetching and saving profile tompelissero posts, comments and replies
28-01-2024 00:43:00.935 INFO: Done Fetching and saving profile tompelissero posts, comments and replies. duration: 218 seconds.
28-01-2024 00:43:00.935 INFO: Getting profile posts, comments and replies data in process.... 74/109
28-01-2024 00:43:01.045 INFO: Fetching and saving profile underdogsportsnfl posts, comments and replies
28-01-2024 00:43:17.251 INFO: Done Fetching and saving profile underdogsportsnfl posts, comments and replies. duration: 16 seconds.
28-01-2024 00:43:17.251 INFO: Getting profile posts, comments and replies data in process.... 75/109
28-01-2024 00:43:17.361 INFO: Fetching and saving profile vikings posts, comments and replies
28-01-2024 00:46:32.686 WARNING: Something went wrong.... (line 115)
28-01-2024 00:46:32.686 INFO: Done Fetching and saving profile vikings posts, comments and replies. duration: 195 seconds.
28-01-2024 00:46:32.686 INFO: Getting profile posts, comments and replies data in process.... 76/109
28-01-2024 00:46:32.793 INFO: Fetching and saving profile willbrinson posts, comments and replies
28-01-2024 00:47:27.761 INFO: Done Fetching and saving profile willbrinson posts, comments and replies. duration: 54 seconds.
28-01-2024 00:47:27.761 INFO: Getting profile posts, comments and replies data in process.... 77/109
28-01-2024 00:47:27.871 INFO: Fetching and saving profile yahoonfl posts, comments and replies
28-01-2024 00:52:58.734 WARNING: Something went wrong.... (line 115)
28-01-2024 00:52:58.734 INFO: Done Fetching and saving profile yahoonfl posts, comments and replies. duration: 330 seconds.
28-01-2024 00:52:58.734 INFO: Getting profile posts, comments and replies data in process.... 78/109
28-01-2024 00:52:58.844 INFO: Fetching and saving profile zookrueger posts, comments and replies
28-01-2024 00:53:05.151 INFO: Done Fetching and saving profile zookrueger posts, comments and replies. duration: 6 seconds.
28-01-2024 00:53:05.151 INFO: Getting profile posts, comments and replies data in process.... 79/109
28-01-2024 00:53:05.261 INFO: Fetching and saving profile _mlfootball posts, comments and replies
